[2024-05-12 14:53:41.634] [info] Using configuration file /home/levizor/.config/waybar/config
[2024-05-12 14:53:41.636] [info] Unable to receive desktop appearance: GDBus.Error:org.freedesktop.DBus.Error.UnknownMethod: No such interface “org.freedesktop.portal.Settings” on object at path /org/freedesktop/portal/desktop
[2024-05-12 14:53:41.636] [info] Using CSS file /home/levizor/.config/waybar/style.css
[2024-05-12 14:53:41.641] [info] Hyprland IPC starting
[2024-05-12 14:53:41.641] [warning] $XDG_RUNTIME_DIR/hypr does not exist, falling back to /tmp/hypr
[2024-05-12 14:53:41.642] [info] Loading persistent workspaces from Hyprland workspace rules
[2024-05-12 14:53:41.644] [info] Loading persistent workspaces from Hyprland workspace rules
[2024-05-12 14:53:41.664] [info] Bar configured (width: 36, height: 74) for output: eDP-1
[2024-05-12 14:53:41.664] [info] Bar configured (width: 36, height: 47) for output: HDMI-A-1
[2024-05-12 14:53:41.687] [warning] Requested width: 36 is less than the minimum width: 38 required by the modules
[2024-05-12 14:53:41.687] [info] Bar configured (width: 38, height: 74) for output: eDP-1
[2024-05-12 14:53:41.753] [warning] Requested width: 38 is less than the minimum width: 39 required by the modules
[2024-05-12 14:53:41.753] [info] Bar configured (width: 39, height: 74) for output: eDP-1
[2024-05-12 14:53:44.019] [info] Quitting.
[2024-05-12 14:53:47.438] [info] Using configuration file /home/levizor/.config/waybar/config
[2024-05-12 14:53:47.439] [info] Unable to receive desktop appearance: GDBus.Error:org.freedesktop.DBus.Error.UnknownMethod: No such interface “org.freedesktop.portal.Settings” on object at path /org/freedesktop/portal/desktop
[2024-05-12 14:53:47.440] [info] Using CSS file /home/levizor/.config/waybar/style.css
[2024-05-12 14:53:47.445] [info] Hyprland IPC starting
[2024-05-12 14:53:47.445] [warning] $XDG_RUNTIME_DIR/hypr does not exist, falling back to /tmp/hypr
[2024-05-12 14:53:47.448] [info] Loading persistent workspaces from Hyprland workspace rules
[2024-05-12 14:53:47.451] [info] Loading persistent workspaces from Hyprland workspace rules
[2024-05-12 14:53:47.470] [info] Bar configured (width: 36, height: 74) for output: eDP-1
[2024-05-12 14:53:47.470] [info] Bar configured (width: 36, height: 47) for output: HDMI-A-1
[2024-05-12 14:53:47.479] [warning] Requested width: 36 is less than the minimum width: 37 required by the modules
[2024-05-12 14:53:47.479] [info] Bar configured (width: 37, height: 74) for output: eDP-1
[2024-05-12 14:53:47.513] [warning] Requested width: 37 is less than the minimum width: 38 required by the modules
[2024-05-12 14:53:47.513] [info] Bar configured (width: 38, height: 74) for output: eDP-1
[2024-05-12 14:53:47.547] [warning] Requested width: 38 is less than the minimum width: 39 required by the modules
[2024-05-12 14:53:47.548] [info] Bar configured (width: 39, height: 74) for output: eDP-1
[2024-05-12 14:53:51.861] [info] Bar configured (width: 37, height: 74) for output: eDP-1
[2024-05-12 14:53:51.893] [warning] Requested width: 37 is less than the minimum width: 38 required by the modules
[2024-05-12 14:53:51.893] [info] Bar configured (width: 38, height: 74) for output: eDP-1
[2024-05-12 14:53:51.927] [warning] Requested width: 38 is less than the minimum width: 39 required by the modules
[2024-05-12 14:53:51.927] [info] Bar configured (width: 39, height: 74) for output: eDP-1
[2024-05-12 14:53:53.375] [info] Bar configured (width: 37, height: 74) for output: eDP-1
[2024-05-12 14:53:53.408] [warning] Requested width: 37 is less than the minimum width: 38 required by the modules
[2024-05-12 14:53:53.408] [info] Bar configured (width: 38, height: 74) for output: eDP-1
[2024-05-12 14:53:53.441] [warning] Requested width: 38 is less than the minimum width: 39 required by the modules
[2024-05-12 14:53:53.441] [info] Bar configured (width: 39, height: 74) for output: eDP-1
[2024-05-12 14:53:53.976] [info] Bar configured (width: 37, height: 74) for output: eDP-1
[2024-05-12 14:53:53.992] [warning] Requested width: 37 is less than the minimum width: 38 required by the modules
[2024-05-12 14:53:53.992] [info] Bar configured (width: 38, height: 74) for output: eDP-1
[2024-05-12 14:53:54.042] [warning] Requested width: 38 is less than the minimum width: 39 required by the modules
[2024-05-12 14:53:54.042] [info] Bar configured (width: 39, height: 74) for output: eDP-1
[2024-05-12 14:54:09.497] [info] Bar configured (width: 38, height: 74) for output: eDP-1
[2024-05-12 14:54:09.579] [warning] Requested width: 38 is less than the minimum width: 39 required by the modules
[2024-05-12 14:54:09.579] [info] Bar configured (width: 39, height: 74) for output: eDP-1
[2024-05-12 14:54:10.129] [info] Bar configured (width: 37, height: 74) for output: eDP-1
[2024-05-12 14:54:10.161] [warning] Requested width: 37 is less than the minimum width: 38 required by the modules
[2024-05-12 14:54:10.161] [info] Bar configured (width: 38, height: 74) for output: eDP-1
[2024-05-12 14:54:10.192] [warning] Requested width: 38 is less than the minimum width: 39 required by the modules
[2024-05-12 14:54:10.192] [info] Bar configured (width: 39, height: 74) for output: eDP-1
[2024-05-12 14:54:10.912] [info] Bar configured (width: 37, height: 74) for output: eDP-1
[2024-05-12 14:54:10.953] [warning] Requested width: 37 is less than the minimum width: 38 required by the modules
[2024-05-12 14:54:10.953] [info] Bar configured (width: 38, height: 74) for output: eDP-1
[2024-05-12 14:54:10.976] [warning] Requested width: 38 is less than the minimum width: 39 required by the modules
[2024-05-12 14:54:10.976] [info] Bar configured (width: 39, height: 74) for output: eDP-1
[2024-05-12 14:54:12.206] [info] Bar configured (width: 38, height: 74) for output: eDP-1
[2024-05-12 14:54:12.274] [warning] Requested width: 38 is less than the minimum width: 39 required by the modules
[2024-05-12 14:54:12.274] [info] Bar configured (width: 39, height: 74) for output: eDP-1
[2024-05-12 14:54:30.203] [warning] Requested width: 36 is less than the minimum width: 38 required by the modules
[2024-05-12 14:54:30.203] [info] Bar configured (width: 38, height: 47) for output: HDMI-A-1
[2024-05-12 14:54:30.208] [info] Bar configured (width: 37, height: 74) for output: eDP-1
[2024-05-12 14:54:30.253] [warning] Requested width: 38 is less than the minimum width: 39 required by the modules
[2024-05-12 14:54:30.253] [info] Bar configured (width: 39, height: 47) for output: HDMI-A-1
[2024-05-12 14:54:30.274] [info] Bar configured (width: 36, height: 74) for output: eDP-1
[2024-05-12 14:54:30.669] [info] Bar configured (width: 37, height: 47) for output: HDMI-A-1
[2024-05-12 14:54:30.707] [warning] Requested width: 36 is less than the minimum width: 38 required by the modules
[2024-05-12 14:54:30.707] [info] Bar configured (width: 38, height: 74) for output: eDP-1
[2024-05-12 14:54:30.736] [info] Bar configured (width: 36, height: 47) for output: HDMI-A-1
[2024-05-12 14:54:30.740] [warning] Requested width: 38 is less than the minimum width: 39 required by the modules
[2024-05-12 14:54:30.740] [info] Bar configured (width: 39, height: 74) for output: eDP-1
[2024-05-12 14:54:31.041] [info] Bar configured (width: 37, height: 74) for output: eDP-1
[2024-05-12 14:54:31.053] [warning] Requested width: 36 is less than the minimum width: 38 required by the modules
[2024-05-12 14:54:31.053] [info] Bar configured (width: 38, height: 47) for output: HDMI-A-1
[2024-05-12 14:54:31.102] [warning] Requested width: 38 is less than the minimum width: 39 required by the modules
[2024-05-12 14:54:31.102] [info] Bar configured (width: 39, height: 47) for output: HDMI-A-1
[2024-05-12 14:54:31.106] [info] Bar configured (width: 36, height: 74) for output: eDP-1
[2024-05-12 14:54:31.269] [info] Bar configured (width: 37, height: 47) for output: HDMI-A-1
[2024-05-12 14:54:31.306] [warning] Requested width: 36 is less than the minimum width: 38 required by the modules
[2024-05-12 14:54:31.307] [info] Bar configured (width: 38, height: 74) for output: eDP-1
[2024-05-12 14:54:31.335] [info] Bar configured (width: 36, height: 47) for output: HDMI-A-1
[2024-05-12 14:54:31.339] [warning] Requested width: 38 is less than the minimum width: 39 required by the modules
[2024-05-12 14:54:31.339] [info] Bar configured (width: 39, height: 74) for output: eDP-1
[2024-05-12 14:54:38.999] [info] Bar configured (width: 37, height: 74) for output: eDP-1
[2024-05-12 14:54:39.001] [warning] Requested width: 36 is less than the minimum width: 38 required by the modules
[2024-05-12 14:54:39.001] [info] Bar configured (width: 38, height: 47) for output: HDMI-A-1
[2024-05-12 14:54:39.066] [info] Bar configured (width: 36, height: 74) for output: eDP-1
[2024-05-12 14:54:39.069] [warning] Requested width: 38 is less than the minimum width: 39 required by the modules
[2024-05-12 14:54:39.069] [info] Bar configured (width: 39, height: 47) for output: HDMI-A-1
[2024-05-12 14:54:39.565] [warning] Requested width: 36 is less than the minimum width: 38 required by the modules
[2024-05-12 14:54:39.565] [info] Bar configured (width: 38, height: 74) for output: eDP-1
[2024-05-12 14:54:39.567] [info] Bar configured (width: 37, height: 47) for output: HDMI-A-1
[2024-05-12 14:54:39.599] [warning] Requested width: 38 is less than the minimum width: 39 required by the modules
[2024-05-12 14:54:39.599] [info] Bar configured (width: 39, height: 74) for output: eDP-1
[2024-05-12 14:54:39.601] [info] Bar configured (width: 36, height: 47) for output: HDMI-A-1
[2024-05-12 14:54:40.515] [info] Bar configured (width: 38, height: 74) for output: eDP-1
[2024-05-12 14:54:40.519] [warning] Requested width: 36 is less than the minimum width: 37 required by the modules
[2024-05-12 14:54:40.519] [info] Bar configured (width: 37, height: 47) for output: HDMI-A-1
[2024-05-12 14:54:40.548] [info] Bar configured (width: 37, height: 74) for output: eDP-1
[2024-05-12 14:54:40.551] [warning] Requested width: 37 is less than the minimum width: 38 required by the modules
[2024-05-12 14:54:40.551] [info] Bar configured (width: 38, height: 47) for output: HDMI-A-1
[2024-05-12 14:54:40.615] [info] Bar configured (width: 36, height: 74) for output: eDP-1
[2024-05-12 14:54:40.617] [warning] Requested width: 38 is less than the minimum width: 39 required by the modules
[2024-05-12 14:54:40.617] [info] Bar configured (width: 39, height: 47) for output: HDMI-A-1
[2024-05-12 14:54:40.997] [warning] Requested width: 36 is less than the minimum width: 38 required by the modules
[2024-05-12 14:54:40.998] [info] Bar configured (width: 38, height: 74) for output: eDP-1
[2024-05-12 14:54:41.016] [info] Bar configured (width: 37, height: 47) for output: HDMI-A-1
[2024-05-12 14:54:41.048] [warning] Requested width: 38 is less than the minimum width: 39 required by the modules
[2024-05-12 14:54:41.048] [info] Bar configured (width: 39, height: 74) for output: eDP-1
[2024-05-12 14:54:41.052] [info] Bar configured (width: 36, height: 47) for output: HDMI-A-1
[2024-05-12 14:54:41.580] [info] Bar configured (width: 37, height: 74) for output: eDP-1
[2024-05-12 14:54:41.584] [warning] Requested width: 36 is less than the minimum width: 38 required by the modules
[2024-05-12 14:54:41.584] [info] Bar configured (width: 38, height: 47) for output: HDMI-A-1
[2024-05-12 14:54:41.647] [info] Bar configured (width: 36, height: 74) for output: eDP-1
[2024-05-12 14:54:41.650] [warning] Requested width: 38 is less than the minimum width: 39 required by the modules
[2024-05-12 14:54:41.650] [info] Bar configured (width: 39, height: 47) for output: HDMI-A-1
[2024-05-12 14:54:41.979] [warning] Requested width: 36 is less than the minimum width: 38 required by the modules
[2024-05-12 14:54:41.979] [info] Bar configured (width: 38, height: 74) for output: eDP-1
[2024-05-12 14:54:41.998] [info] Bar configured (width: 37, height: 47) for output: HDMI-A-1
[2024-05-12 14:54:42.030] [warning] Requested width: 38 is less than the minimum width: 39 required by the modules
[2024-05-12 14:54:42.030] [info] Bar configured (width: 39, height: 74) for output: eDP-1
[2024-05-12 14:54:42.034] [info] Bar configured (width: 36, height: 47) for output: HDMI-A-1
[2024-05-12 14:54:42.961] [info] Bar configured (width: 38, height: 74) for output: eDP-1
[2024-05-12 14:54:42.965] [warning] Requested width: 36 is less than the minimum width: 37 required by the modules
[2024-05-12 14:54:42.965] [info] Bar configured (width: 37, height: 47) for output: HDMI-A-1
[2024-05-12 14:54:42.994] [info] Bar configured (width: 37, height: 74) for output: eDP-1
[2024-05-12 14:54:42.999] [warning] Requested width: 37 is less than the minimum width: 38 required by the modules
[2024-05-12 14:54:42.999] [info] Bar configured (width: 38, height: 47) for output: HDMI-A-1
[2024-05-12 14:54:43.045] [info] Bar configured (width: 36, height: 74) for output: eDP-1
[2024-05-12 14:54:43.047] [warning] Requested width: 38 is less than the minimum width: 39 required by the modules
[2024-05-12 14:54:43.047] [info] Bar configured (width: 39, height: 47) for output: HDMI-A-1
[2024-05-12 14:54:45.930] [info] Bar configured (width: 38, height: 47) for output: HDMI-A-1
[2024-05-12 14:54:45.959] [warning] Requested width: 36 is less than the minimum width: 38 required by the modules
[2024-05-12 14:54:45.959] [info] Bar configured (width: 38, height: 74) for output: eDP-1
[2024-05-12 14:54:45.965] [info] Bar configured (width: 37, height: 47) for output: HDMI-A-1
[2024-05-12 14:54:46.009] [warning] Requested width: 38 is less than the minimum width: 39 required by the modules
[2024-05-12 14:54:46.009] [info] Bar configured (width: 39, height: 74) for output: eDP-1
[2024-05-12 14:54:46.014] [info] Bar configured (width: 36, height: 47) for output: HDMI-A-1
Gdk-Message: 14:55:03.179: Lost connection to Wayland compositor.
