
2024/03/06 (23:34:08) | ===> btop++ v.1.3.2
2024/03/06 (23:34:08) | WARNING: NVML: Failed to get maximum GPU power draw, defaulting to 225W: Not Supported
2024/03/06 (23:34:08) | WARNING: NVML: Failed to get GPU power usage: Not Supported

2024/03/07 (01:30:15) | ===> btop++ v.1.3.2
2024/03/07 (01:30:15) | WARNING: NVML: Failed to get maximum GPU power draw, defaulting to 225W: Not Supported
2024/03/07 (01:30:15) | WARNING: NVML: Failed to get GPU power usage: Not Supported

2024/03/07 (01:30:23) | ===> btop++ v.1.3.2
2024/03/07 (01:30:23) | WARNING: NVML: Failed to get maximum GPU power draw, defaulting to 225W: Not Supported
2024/03/07 (01:30:23) | WARNING: NVML: Failed to get GPU power usage: Not Supported

2024/03/07 (21:19:33) | ===> btop++ v.1.3.2
2024/03/07 (21:19:33) | WARNING: NVML: Failed to get maximum GPU power draw, defaulting to 225W: Not Supported
2024/03/07 (21:19:33) | WARNING: NVML: Failed to get GPU power usage: Not Supported

2024/03/08 (20:15:26) | ===> btop++ v.1.3.2
2024/03/08 (20:15:26) | WARNING: NVML: Failed to get maximum GPU power draw, defaulting to 225W: Not Supported
2024/03/08 (20:15:26) | WARNING: NVML: Failed to get GPU power usage: Not Supported

2024/03/08 (21:48:46) | ===> btop++ v.1.3.2
2024/03/08 (21:48:46) | WARNING: NVML: Failed to get maximum GPU power draw, defaulting to 225W: Not Supported
2024/03/08 (21:48:46) | WARNING: NVML: Failed to get GPU power usage: Not Supported

2024/03/09 (23:05:13) | ===> btop++ v.1.3.2
2024/03/09 (23:05:13) | WARNING: NVML: Failed to get maximum GPU power draw, defaulting to 225W: Not Supported
2024/03/09 (23:05:13) | WARNING: NVML: Failed to get GPU power usage: Not Supported

2024/03/10 (17:28:42) | ===> btop++ v.1.3.2
2024/03/10 (17:28:42) | WARNING: NVML: Failed to get maximum GPU power draw, defaulting to 225W: Not Supported
2024/03/10 (17:28:42) | WARNING: NVML: Failed to get GPU power usage: Not Supported

2024/03/10 (18:46:01) | ===> btop++ v.1.3.2
2024/03/10 (18:46:01) | WARNING: NVML: Failed to get maximum GPU power draw, defaulting to 225W: Not Supported
2024/03/10 (18:46:01) | WARNING: NVML: Failed to get GPU power usage: Not Supported

2024/03/10 (18:47:17) | ===> btop++ v.1.3.2
2024/03/10 (18:47:17) | WARNING: NVML: Failed to get maximum GPU power draw, defaulting to 225W: Not Supported
2024/03/10 (18:47:17) | WARNING: NVML: Failed to get GPU power usage: Not Supported

2024/03/11 (15:01:47) | ===> btop++ v.1.3.2
2024/03/11 (15:01:47) | WARNING: NVML: Failed to get maximum GPU power draw, defaulting to 225W: Not Supported
2024/03/11 (15:01:47) | WARNING: NVML: Failed to get GPU power usage: Not Supported

2024/03/11 (17:33:41) | ===> btop++ v.1.3.2
2024/03/11 (17:33:41) | WARNING: NVML: Failed to get maximum GPU power draw, defaulting to 225W: Not Supported
2024/03/11 (17:33:41) | WARNING: NVML: Failed to get GPU power usage: Not Supported

2024/03/11 (19:55:38) | ===> btop++ v.1.3.2
2024/03/11 (19:55:38) | WARNING: NVML: Failed to get maximum GPU power draw, defaulting to 225W: Not Supported
2024/03/11 (19:55:38) | WARNING: NVML: Failed to get GPU power usage: Not Supported

2024/03/11 (21:05:06) | ===> btop++ v.1.3.2
2024/03/11 (21:05:06) | WARNING: NVML: Failed to get maximum GPU power draw, defaulting to 225W: Not Supported
2024/03/11 (21:05:06) | WARNING: NVML: Failed to get GPU power usage: Not Supported

2024/03/12 (10:13:18) | ===> btop++ v.1.3.2
2024/03/12 (10:13:18) | WARNING: NVML: Failed to get maximum GPU power draw, defaulting to 225W: Not Supported
2024/03/12 (10:13:18) | WARNING: NVML: Failed to get GPU power usage: Not Supported

2024/03/12 (10:13:26) | ===> btop++ v.1.3.2
2024/03/12 (10:13:26) | WARNING: NVML: Failed to get maximum GPU power draw, defaulting to 225W: Not Supported
2024/03/12 (10:13:26) | WARNING: NVML: Failed to get GPU power usage: Not Supported

2024/03/12 (13:40:28) | ===> btop++ v.1.3.2
2024/03/12 (13:40:28) | WARNING: NVML: Failed to get maximum GPU power draw, defaulting to 225W: Not Supported
2024/03/12 (13:40:28) | WARNING: NVML: Failed to get GPU power usage: Not Supported

2024/03/13 (22:43:53) | ===> btop++ v.1.3.2
2024/03/13 (22:43:53) | WARNING: NVML: Failed to get maximum GPU power draw, defaulting to 225W: Not Supported
2024/03/13 (22:43:53) | WARNING: NVML: Failed to get GPU power usage: Not Supported

2024/03/18 (20:18:02) | ===> btop++ v.1.3.2
2024/03/18 (20:18:02) | WARNING: NVML: Failed to get maximum GPU power draw, defaulting to 225W: Not Supported
2024/03/18 (20:18:02) | WARNING: NVML: Failed to get GPU power usage: Not Supported

2024/03/19 (12:34:19) | ===> btop++ v.1.3.2
2024/03/19 (12:34:19) | WARNING: NVML: Failed to get maximum GPU power draw, defaulting to 225W: Not Supported
2024/03/19 (12:34:19) | WARNING: NVML: Failed to get GPU power usage: Not Supported

2024/03/19 (18:30:13) | ===> btop++ v.1.3.2
2024/03/19 (18:30:13) | WARNING: NVML: Failed to get maximum GPU power draw, defaulting to 225W: Not Supported
2024/03/19 (18:30:13) | WARNING: NVML: Failed to get GPU power usage: Not Supported

2024/03/19 (19:09:20) | ===> btop++ v.1.3.2
2024/03/19 (19:09:20) | WARNING: NVML: Failed to get maximum GPU power draw, defaulting to 225W: Not Supported
2024/03/19 (19:09:20) | WARNING: NVML: Failed to get GPU power usage: Not Supported

2024/03/19 (19:26:48) | ===> btop++ v.1.3.2
2024/03/19 (19:26:48) | WARNING: NVML: Failed to get maximum GPU power draw, defaulting to 225W: Not Supported
2024/03/19 (19:26:48) | WARNING: NVML: Failed to get GPU power usage: Not Supported
2024/03/19 (19:33:19) | ERROR: Exception during Config::unlock() : unordered_map::at

2024/03/19 (19:33:27) | ===> btop++ v.1.3.2
2024/03/19 (19:33:27) | WARNING: NVML: Failed to get maximum GPU power draw, defaulting to 225W: Not Supported
2024/03/19 (19:33:27) | WARNING: NVML: Failed to get GPU power usage: Not Supported

2024/03/19 (19:44:59) | ===> btop++ v.1.3.2
2024/03/19 (19:44:59) | WARNING: NVML: Failed to get maximum GPU power draw, defaulting to 225W: Not Supported
2024/03/19 (19:44:59) | WARNING: NVML: Failed to get GPU power usage: Not Supported

2024/03/20 (21:55:04) | ===> btop++ v.1.3.2
2024/03/20 (21:55:04) | WARNING: NVML: Failed to get maximum GPU power draw, defaulting to 225W: Not Supported
2024/03/20 (21:55:04) | WARNING: NVML: Failed to get GPU power usage: Not Supported

2024/03/21 (15:16:21) | ===> btop++ v.1.3.2
2024/03/21 (15:16:21) | WARNING: NVML: Failed to get maximum GPU power draw, defaulting to 225W: Not Supported
2024/03/21 (15:16:21) | WARNING: NVML: Failed to get GPU power usage: Not Supported

2024/03/23 (14:46:32) | ===> btop++ v.1.3.2
2024/03/23 (14:46:32) | WARNING: NVML: Failed to get maximum GPU power draw, defaulting to 225W: Not Supported
2024/03/23 (14:46:32) | WARNING: NVML: Failed to get GPU power usage: Not Supported

2024/03/25 (20:00:46) | ===> btop++ v.1.3.2
2024/03/25 (20:00:46) | WARNING: NVML: Failed to get maximum GPU power draw, defaulting to 225W: Not Supported
2024/03/25 (20:00:46) | WARNING: NVML: Failed to get GPU power usage: Not Supported

2024/03/27 (01:09:37) | ===> btop++ v.1.3.2
2024/03/27 (01:09:37) | WARNING: NVML: Failed to get maximum GPU power draw, defaulting to 225W: Not Supported
2024/03/27 (01:09:37) | WARNING: NVML: Failed to get GPU power usage: Not Supported

2024/03/28 (22:48:40) | ===> btop++ v.1.3.2
2024/03/28 (22:48:40) | WARNING: NVML: Failed to get maximum GPU power draw, defaulting to 225W: Not Supported
2024/03/28 (22:48:40) | WARNING: NVML: Failed to get GPU power usage: Not Supported

2024/04/11 (15:36:43) | ===> btop++ v.1.3.2
2024/04/11 (15:36:43) | WARNING: NVML: Failed to get maximum GPU power draw, defaulting to 225W: Not Supported
2024/04/11 (15:36:43) | WARNING: NVML: Failed to get GPU power usage: Not Supported

2024/04/12 (16:18:59) | ===> btop++ v.1.3.2
2024/04/12 (16:18:59) | WARNING: NVML: Failed to get maximum GPU power draw, defaulting to 225W: Not Supported
2024/04/12 (16:18:59) | WARNING: NVML: Failed to get GPU power usage: Not Supported

2024/04/12 (16:53:59) | ===> btop++ v.1.3.2
2024/04/12 (16:53:59) | WARNING: NVML: Failed to get maximum GPU power draw, defaulting to 225W: Not Supported
2024/04/12 (16:53:59) | WARNING: NVML: Failed to get GPU power usage: Not Supported

2024/04/12 (19:36:39) | ===> btop++ v.1.3.2
2024/04/12 (19:36:39) | WARNING: NVML: Failed to get maximum GPU power draw, defaulting to 225W: Not Supported
2024/04/12 (19:36:39) | WARNING: NVML: Failed to get GPU power usage: Not Supported

2024/04/13 (12:23:35) | ===> btop++ v.1.3.2
2024/04/13 (12:23:35) | WARNING: NVML: Failed to get maximum GPU power draw, defaulting to 225W: Not Supported
2024/04/13 (12:23:35) | WARNING: NVML: Failed to get GPU power usage: Not Supported

2024/04/13 (12:37:06) | ===> btop++ v.1.3.2
2024/04/13 (12:37:06) | WARNING: NVML: Failed to get maximum GPU power draw, defaulting to 225W: Not Supported
2024/04/13 (12:37:06) | WARNING: NVML: Failed to get GPU power usage: Not Supported

2024/04/14 (00:42:40) | ===> btop++ v.1.3.2
2024/04/14 (00:42:40) | WARNING: NVML: Failed to get maximum GPU power draw, defaulting to 225W: Not Supported
2024/04/14 (00:42:40) | WARNING: NVML: Failed to get GPU power usage: Not Supported

2024/04/18 (17:12:58) | ===> btop++ v.1.3.2
2024/04/18 (17:12:58) | WARNING: NVML: Failed to get maximum GPU power draw, defaulting to 225W: Not Supported
2024/04/18 (17:12:58) | WARNING: NVML: Failed to get GPU power usage: Not Supported

2024/04/18 (17:15:27) | ===> btop++ v.1.3.2
2024/04/18 (17:15:27) | WARNING: NVML: Failed to get maximum GPU power draw, defaulting to 225W: Not Supported
2024/04/18 (17:15:27) | WARNING: NVML: Failed to get GPU power usage: Not Supported

2024/04/18 (17:15:52) | ===> btop++ v.1.3.2
2024/04/18 (17:15:52) | WARNING: NVML: Failed to get maximum GPU power draw, defaulting to 225W: Not Supported
2024/04/18 (17:15:52) | WARNING: NVML: Failed to get GPU power usage: Not Supported

2024/04/18 (19:07:34) | ===> btop++ v.1.3.2
2024/04/18 (19:07:34) | WARNING: NVML: Failed to get maximum GPU power draw, defaulting to 225W: Not Supported
2024/04/18 (19:07:34) | WARNING: NVML: Failed to get GPU power usage: Not Supported

2024/04/21 (11:03:44) | ===> btop++ v.1.3.2
2024/04/21 (11:03:44) | WARNING: NVML: Failed to get maximum GPU power draw, defaulting to 225W: Not Supported
2024/04/21 (11:03:44) | WARNING: NVML: Failed to get GPU power usage: Not Supported

2024/04/21 (11:03:47) | ===> btop++ v.1.3.2
2024/04/21 (11:03:47) | WARNING: NVML: Failed to get maximum GPU power draw, defaulting to 225W: Not Supported
2024/04/21 (11:03:47) | WARNING: NVML: Failed to get GPU power usage: Not Supported

2024/04/21 (11:03:52) | ===> btop++ v.1.3.2
2024/04/21 (11:03:52) | WARNING: NVML: Failed to get maximum GPU power draw, defaulting to 225W: Not Supported
2024/04/21 (11:03:52) | WARNING: NVML: Failed to get GPU power usage: Not Supported

2024/04/21 (11:03:56) | ===> btop++ v.1.3.2
2024/04/21 (11:03:56) | WARNING: NVML: Failed to get maximum GPU power draw, defaulting to 225W: Not Supported
2024/04/21 (11:03:56) | WARNING: NVML: Failed to get GPU power usage: Not Supported

2024/04/21 (11:03:59) | ===> btop++ v.1.3.2
2024/04/21 (11:03:59) | WARNING: NVML: Failed to get maximum GPU power draw, defaulting to 225W: Not Supported
2024/04/21 (11:03:59) | WARNING: NVML: Failed to get GPU power usage: Not Supported
2024/04/21 (11:13:08) | ERROR: Exception during Config::unlock() : unordered_map::at

2024/04/21 (11:13:13) | ===> btop++ v.1.3.2
2024/04/21 (11:13:13) | WARNING: NVML: Failed to get maximum GPU power draw, defaulting to 225W: Not Supported
2024/04/21 (11:13:13) | WARNING: NVML: Failed to get GPU power usage: Not Supported
2024/04/21 (11:14:36) | ERROR: Exception during Config::unlock() : unordered_map::at

2024/04/21 (11:14:38) | ===> btop++ v.1.3.2
2024/04/21 (11:14:38) | WARNING: NVML: Failed to get maximum GPU power draw, defaulting to 225W: Not Supported
2024/04/21 (11:14:38) | WARNING: NVML: Failed to get GPU power usage: Not Supported

2024/04/21 (11:16:33) | ===> btop++ v.1.3.2
2024/04/21 (11:16:33) | WARNING: NVML: Failed to get maximum GPU power draw, defaulting to 225W: Not Supported
2024/04/21 (11:16:33) | WARNING: NVML: Failed to get GPU power usage: Not Supported

2024/04/21 (11:19:11) | ===> btop++ v.1.3.2
2024/04/21 (11:19:11) | WARNING: NVML: Failed to get maximum GPU power draw, defaulting to 225W: Not Supported
2024/04/21 (11:19:11) | WARNING: NVML: Failed to get GPU power usage: Not Supported

2024/04/21 (11:19:25) | ===> btop++ v.1.3.2
2024/04/21 (11:19:25) | WARNING: NVML: Failed to get maximum GPU power draw, defaulting to 225W: Not Supported
2024/04/21 (11:19:25) | WARNING: NVML: Failed to get GPU power usage: Not Supported

2024/04/21 (11:19:58) | ===> btop++ v.1.3.2
2024/04/21 (11:19:58) | WARNING: NVML: Failed to get maximum GPU power draw, defaulting to 225W: Not Supported
2024/04/21 (11:19:58) | WARNING: NVML: Failed to get GPU power usage: Not Supported

2024/04/21 (11:20:02) | ===> btop++ v.1.3.2
2024/04/21 (11:20:02) | WARNING: NVML: Failed to get maximum GPU power draw, defaulting to 225W: Not Supported
2024/04/21 (11:20:02) | WARNING: NVML: Failed to get GPU power usage: Not Supported

2024/04/21 (11:21:10) | ===> btop++ v.1.3.2
2024/04/21 (11:21:10) | WARNING: NVML: Failed to get maximum GPU power draw, defaulting to 225W: Not Supported
2024/04/21 (11:21:10) | WARNING: NVML: Failed to get GPU power usage: Not Supported

2024/04/21 (11:21:37) | ===> btop++ v.1.3.2
2024/04/21 (11:21:37) | WARNING: NVML: Failed to get maximum GPU power draw, defaulting to 225W: Not Supported
2024/04/21 (11:21:37) | WARNING: NVML: Failed to get GPU power usage: Not Supported

2024/04/21 (11:22:16) | ===> btop++ v.1.3.2
2024/04/21 (11:22:16) | WARNING: NVML: Failed to get maximum GPU power draw, defaulting to 225W: Not Supported
2024/04/21 (11:22:16) | WARNING: NVML: Failed to get GPU power usage: Not Supported

2024/04/21 (11:22:32) | ===> btop++ v.1.3.2
2024/04/21 (11:22:32) | WARNING: NVML: Failed to get maximum GPU power draw, defaulting to 225W: Not Supported
2024/04/21 (11:22:32) | WARNING: NVML: Failed to get GPU power usage: Not Supported

2024/04/21 (11:22:38) | ===> btop++ v.1.3.2
2024/04/21 (11:22:38) | WARNING: NVML: Failed to get maximum GPU power draw, defaulting to 225W: Not Supported
2024/04/21 (11:22:38) | WARNING: NVML: Failed to get GPU power usage: Not Supported

2024/04/21 (11:23:27) | ===> btop++ v.1.3.2
2024/04/21 (11:23:27) | WARNING: NVML: Failed to get maximum GPU power draw, defaulting to 225W: Not Supported
2024/04/21 (11:23:27) | WARNING: NVML: Failed to get GPU power usage: Not Supported

2024/04/21 (11:23:36) | ===> btop++ v.1.3.2
2024/04/21 (11:23:36) | WARNING: NVML: Failed to get maximum GPU power draw, defaulting to 225W: Not Supported
2024/04/21 (11:23:36) | WARNING: NVML: Failed to get GPU power usage: Not Supported

2024/04/21 (11:24:03) | ===> btop++ v.1.3.2
2024/04/21 (11:24:03) | WARNING: NVML: Failed to get maximum GPU power draw, defaulting to 225W: Not Supported
2024/04/21 (11:24:03) | WARNING: NVML: Failed to get GPU power usage: Not Supported

2024/04/21 (11:24:11) | ===> btop++ v.1.3.2
2024/04/21 (11:24:11) | WARNING: NVML: Failed to get maximum GPU power draw, defaulting to 225W: Not Supported
2024/04/21 (11:24:11) | WARNING: NVML: Failed to get GPU power usage: Not Supported

2024/04/21 (11:24:46) | ===> btop++ v.1.3.2
2024/04/21 (11:24:46) | WARNING: NVML: Failed to get maximum GPU power draw, defaulting to 225W: Not Supported
2024/04/21 (11:24:46) | WARNING: NVML: Failed to get GPU power usage: Not Supported

2024/04/21 (11:24:49) | ===> btop++ v.1.3.2
2024/04/21 (11:24:49) | WARNING: NVML: Failed to get maximum GPU power draw, defaulting to 225W: Not Supported
2024/04/21 (11:24:49) | WARNING: NVML: Failed to get GPU power usage: Not Supported

2024/04/21 (11:25:16) | ===> btop++ v.1.3.2
2024/04/21 (11:25:16) | WARNING: NVML: Failed to get maximum GPU power draw, defaulting to 225W: Not Supported
2024/04/21 (11:25:16) | WARNING: NVML: Failed to get GPU power usage: Not Supported

2024/04/21 (11:26:24) | ===> btop++ v.1.3.2
2024/04/21 (11:26:24) | WARNING: NVML: Failed to get maximum GPU power draw, defaulting to 225W: Not Supported
2024/04/21 (11:26:24) | WARNING: NVML: Failed to get GPU power usage: Not Supported

2024/04/21 (11:26:34) | ===> btop++ v.1.3.2
2024/04/21 (11:26:34) | WARNING: NVML: Failed to get maximum GPU power draw, defaulting to 225W: Not Supported
2024/04/21 (11:26:34) | WARNING: NVML: Failed to get GPU power usage: Not Supported

2024/04/21 (11:26:47) | ===> btop++ v.1.3.2
2024/04/21 (11:26:47) | WARNING: NVML: Failed to get maximum GPU power draw, defaulting to 225W: Not Supported
2024/04/21 (11:26:47) | WARNING: NVML: Failed to get GPU power usage: Not Supported

2024/04/21 (11:26:50) | ===> btop++ v.1.3.2
2024/04/21 (11:26:50) | WARNING: NVML: Failed to get maximum GPU power draw, defaulting to 225W: Not Supported
2024/04/21 (11:26:50) | WARNING: NVML: Failed to get GPU power usage: Not Supported

2024/04/21 (11:26:53) | ===> btop++ v.1.3.2
2024/04/21 (11:26:53) | WARNING: NVML: Failed to get maximum GPU power draw, defaulting to 225W: Not Supported
2024/04/21 (11:26:53) | WARNING: NVML: Failed to get GPU power usage: Not Supported

2024/04/21 (11:26:55) | ===> btop++ v.1.3.2
2024/04/21 (11:26:55) | WARNING: NVML: Failed to get maximum GPU power draw, defaulting to 225W: Not Supported
2024/04/21 (11:26:55) | WARNING: NVML: Failed to get GPU power usage: Not Supported

2024/04/21 (11:27:26) | ===> btop++ v.1.3.2
2024/04/21 (11:27:26) | WARNING: NVML: Failed to get maximum GPU power draw, defaulting to 225W: Not Supported
2024/04/21 (11:27:26) | WARNING: NVML: Failed to get GPU power usage: Not Supported

2024/04/21 (11:27:51) | ===> btop++ v.1.3.2
2024/04/21 (11:27:51) | WARNING: NVML: Failed to get maximum GPU power draw, defaulting to 225W: Not Supported
2024/04/21 (11:27:51) | WARNING: NVML: Failed to get GPU power usage: Not Supported

2024/04/21 (11:28:04) | ===> btop++ v.1.3.2
2024/04/21 (11:28:04) | WARNING: NVML: Failed to get maximum GPU power draw, defaulting to 225W: Not Supported
2024/04/21 (11:28:04) | WARNING: NVML: Failed to get GPU power usage: Not Supported

2024/04/21 (11:28:13) | ===> btop++ v.1.3.2
2024/04/21 (11:28:13) | WARNING: NVML: Failed to get maximum GPU power draw, defaulting to 225W: Not Supported
2024/04/21 (11:28:13) | WARNING: NVML: Failed to get GPU power usage: Not Supported

2024/04/21 (11:29:49) | ===> btop++ v.1.3.2
2024/04/21 (11:29:49) | WARNING: NVML: Failed to get maximum GPU power draw, defaulting to 225W: Not Supported
2024/04/21 (11:29:49) | WARNING: NVML: Failed to get GPU power usage: Not Supported

2024/04/21 (11:29:54) | ===> btop++ v.1.3.2
2024/04/21 (11:29:54) | WARNING: NVML: Failed to get maximum GPU power draw, defaulting to 225W: Not Supported
2024/04/21 (11:29:54) | WARNING: NVML: Failed to get GPU power usage: Not Supported

2024/04/21 (11:29:57) | ===> btop++ v.1.3.2
2024/04/21 (11:29:57) | WARNING: NVML: Failed to get maximum GPU power draw, defaulting to 225W: Not Supported
2024/04/21 (11:29:57) | WARNING: NVML: Failed to get GPU power usage: Not Supported

2024/04/21 (11:29:59) | ===> btop++ v.1.3.2
2024/04/21 (11:29:59) | WARNING: NVML: Failed to get maximum GPU power draw, defaulting to 225W: Not Supported
2024/04/21 (11:29:59) | WARNING: NVML: Failed to get GPU power usage: Not Supported

2024/04/21 (11:30:00) | ===> btop++ v.1.3.2
2024/04/21 (11:30:00) | WARNING: NVML: Failed to get maximum GPU power draw, defaulting to 225W: Not Supported
2024/04/21 (11:30:00) | WARNING: NVML: Failed to get GPU power usage: Not Supported

2024/04/21 (11:30:01) | ===> btop++ v.1.3.2
2024/04/21 (11:30:01) | WARNING: NVML: Failed to get maximum GPU power draw, defaulting to 225W: Not Supported
2024/04/21 (11:30:01) | WARNING: NVML: Failed to get GPU power usage: Not Supported

2024/04/21 (11:30:02) | ===> btop++ v.1.3.2
2024/04/21 (11:30:02) | WARNING: NVML: Failed to get maximum GPU power draw, defaulting to 225W: Not Supported
2024/04/21 (11:30:02) | WARNING: NVML: Failed to get GPU power usage: Not Supported

2024/04/21 (11:30:05) | ===> btop++ v.1.3.2
2024/04/21 (11:30:05) | WARNING: NVML: Failed to get maximum GPU power draw, defaulting to 225W: Not Supported
2024/04/21 (11:30:05) | WARNING: NVML: Failed to get GPU power usage: Not Supported

2024/04/21 (11:32:47) | ===> btop++ v.1.3.2
2024/04/21 (11:32:47) | WARNING: NVML: Failed to get maximum GPU power draw, defaulting to 225W: Not Supported
2024/04/21 (11:32:47) | WARNING: NVML: Failed to get GPU power usage: Not Supported

2024/04/21 (11:33:49) | ===> btop++ v.1.3.2
2024/04/21 (11:33:49) | WARNING: NVML: Failed to get maximum GPU power draw, defaulting to 225W: Not Supported
2024/04/21 (11:33:49) | WARNING: NVML: Failed to get GPU power usage: Not Supported

2024/04/21 (13:22:20) | ===> btop++ v.1.3.2
2024/04/21 (13:22:20) | WARNING: NVML: Failed to get maximum GPU power draw, defaulting to 225W: Not Supported
2024/04/21 (13:22:20) | WARNING: NVML: Failed to get GPU power usage: Not Supported

2024/04/21 (13:48:05) | ===> btop++ v.1.3.2
2024/04/21 (13:48:05) | WARNING: NVML: Failed to get maximum GPU power draw, defaulting to 225W: Not Supported
2024/04/21 (13:48:05) | WARNING: NVML: Failed to get GPU power usage: Not Supported

2024/04/21 (13:48:31) | ===> btop++ v.1.3.2
2024/04/21 (13:48:31) | WARNING: NVML: Failed to get maximum GPU power draw, defaulting to 225W: Not Supported
2024/04/21 (13:48:31) | WARNING: NVML: Failed to get GPU power usage: Not Supported

2024/04/21 (14:12:46) | ===> btop++ v.1.3.2
2024/04/21 (14:12:46) | WARNING: NVML: Failed to get maximum GPU power draw, defaulting to 225W: Not Supported
2024/04/21 (14:12:46) | WARNING: NVML: Failed to get GPU power usage: Not Supported

2024/04/21 (14:51:57) | ===> btop++ v.1.3.2
2024/04/21 (14:51:57) | WARNING: NVML: Failed to get maximum GPU power draw, defaulting to 225W: Not Supported
2024/04/21 (14:51:57) | WARNING: NVML: Failed to get GPU power usage: Not Supported

2024/04/21 (15:40:22) | ===> btop++ v.1.3.2
2024/04/21 (15:40:22) | WARNING: NVML: Failed to get maximum GPU power draw, defaulting to 225W: Not Supported
2024/04/21 (15:40:22) | WARNING: NVML: Failed to get GPU power usage: Not Supported

2024/04/22 (19:13:18) | ===> btop++ v.1.3.2
2024/04/22 (19:13:18) | WARNING: NVML: Failed to get maximum GPU power draw, defaulting to 225W: Not Supported
2024/04/22 (19:13:18) | WARNING: NVML: Failed to get GPU power usage: Not Supported

2024/04/22 (19:22:32) | ===> btop++ v.1.3.2
2024/04/22 (19:22:32) | WARNING: NVML: Failed to get maximum GPU power draw, defaulting to 225W: Not Supported
2024/04/22 (19:22:32) | WARNING: NVML: Failed to get GPU power usage: Not Supported

2024/04/22 (19:22:49) | ===> btop++ v.1.3.2
2024/04/22 (19:22:49) | WARNING: NVML: Failed to get maximum GPU power draw, defaulting to 225W: Not Supported
2024/04/22 (19:22:49) | WARNING: NVML: Failed to get GPU power usage: Not Supported

2024/04/22 (19:24:28) | ===> btop++ v.1.3.2
2024/04/22 (19:24:28) | WARNING: NVML: Failed to get maximum GPU power draw, defaulting to 225W: Not Supported
2024/04/22 (19:24:28) | WARNING: NVML: Failed to get GPU power usage: Not Supported

2024/04/22 (20:15:42) | ===> btop++ v.1.3.2
2024/04/22 (20:15:42) | WARNING: NVML: Failed to get maximum GPU power draw, defaulting to 225W: Not Supported
2024/04/22 (20:15:42) | WARNING: NVML: Failed to get GPU power usage: Not Supported

2024/04/23 (14:27:09) | ===> btop++ v.1.3.2
2024/04/23 (14:27:09) | WARNING: NVML: Failed to get maximum GPU power draw, defaulting to 225W: Not Supported
2024/04/23 (14:27:09) | WARNING: NVML: Failed to get GPU power usage: Not Supported

2024/04/24 (22:07:34) | ===> btop++ v.1.3.2
2024/04/24 (22:07:34) | WARNING: NVML: Failed to get maximum GPU power draw, defaulting to 225W: Not Supported
2024/04/24 (22:07:34) | WARNING: NVML: Failed to get GPU power usage: Not Supported

2024/04/26 (21:09:34) | ===> btop++ v.1.3.2
2024/04/26 (21:09:34) | WARNING: NVML: Failed to get maximum GPU power draw, defaulting to 225W: Not Supported
2024/04/26 (21:09:34) | WARNING: NVML: Failed to get GPU power usage: Not Supported

2024/04/27 (21:05:17) | ===> btop++ v.1.3.2
2024/04/27 (21:05:17) | WARNING: NVML: Failed to get maximum GPU power draw, defaulting to 225W: Not Supported
2024/04/27 (21:05:17) | WARNING: NVML: Failed to get GPU power usage: Not Supported

2024/05/01 (12:37:05) | ===> btop++ v.1.3.2
2024/05/01 (12:37:05) | WARNING: NVML: Failed to get maximum GPU power draw, defaulting to 225W: Not Supported
2024/05/01 (12:37:05) | WARNING: NVML: Failed to get GPU power usage: Not Supported

2024/05/01 (12:37:08) | ===> btop++ v.1.3.2
2024/05/01 (12:37:08) | WARNING: NVML: Failed to get maximum GPU power draw, defaulting to 225W: Not Supported
2024/05/01 (12:37:08) | WARNING: NVML: Failed to get GPU power usage: Not Supported

2024/05/02 (00:40:38) | ===> btop++ v.1.3.2
2024/05/02 (00:40:38) | WARNING: NVML: Failed to get maximum GPU power draw, defaulting to 225W: Not Supported
2024/05/02 (00:40:38) | WARNING: NVML: Failed to get GPU power usage: Not Supported

2024/05/02 (16:09:59) | ===> btop++ v.1.3.2
2024/05/02 (16:09:59) | WARNING: NVML: Failed to get maximum GPU power draw, defaulting to 225W: Not Supported
2024/05/02 (16:09:59) | WARNING: NVML: Failed to get GPU power usage: Not Supported

2024/05/02 (17:01:15) | ===> btop++ v.1.3.2
2024/05/02 (17:01:15) | WARNING: NVML: Failed to get maximum GPU power draw, defaulting to 225W: Not Supported
2024/05/02 (17:01:15) | WARNING: NVML: Failed to get GPU power usage: Not Supported

2024/05/02 (18:34:11) | ===> btop++ v.1.3.2
2024/05/02 (18:34:11) | WARNING: NVML: Failed to get maximum GPU power draw, defaulting to 225W: Not Supported
2024/05/02 (18:34:11) | WARNING: NVML: Failed to get GPU power usage: Not Supported

2024/05/03 (14:40:56) | ===> btop++ v.1.3.2
2024/05/03 (14:40:56) | WARNING: NVML: Failed to get maximum GPU power draw, defaulting to 225W: Not Supported
2024/05/03 (14:40:56) | WARNING: NVML: Failed to get GPU power usage: Not Supported

2024/05/03 (21:59:20) | ===> btop++ v.1.3.2
2024/05/03 (21:59:20) | WARNING: NVML: Failed to get maximum GPU power draw, defaulting to 225W: Not Supported
2024/05/03 (21:59:20) | WARNING: NVML: Failed to get GPU power usage: Not Supported

2024/05/03 (23:01:23) | ===> btop++ v.1.3.2
2024/05/03 (23:01:23) | WARNING: NVML: Failed to get maximum GPU power draw, defaulting to 225W: Not Supported
2024/05/03 (23:01:23) | WARNING: NVML: Failed to get GPU power usage: Not Supported

2024/05/06 (20:23:22) | ===> btop++ v.1.3.2
2024/05/06 (20:23:22) | WARNING: NVML: Failed to get maximum GPU power draw, defaulting to 225W: Not Supported
2024/05/06 (20:23:22) | WARNING: NVML: Failed to get GPU power usage: Not Supported

2024/05/06 (20:24:13) | ===> btop++ v.1.3.2
2024/05/06 (20:24:13) | WARNING: NVML: Failed to get maximum GPU power draw, defaulting to 225W: Not Supported
2024/05/06 (20:24:13) | WARNING: NVML: Failed to get GPU power usage: Not Supported

2024/05/06 (20:24:35) | ===> btop++ v.1.3.2
2024/05/06 (20:24:35) | WARNING: NVML: Failed to get maximum GPU power draw, defaulting to 225W: Not Supported
2024/05/06 (20:24:35) | WARNING: NVML: Failed to get GPU power usage: Not Supported

2024/05/06 (20:26:37) | ===> btop++ v.1.3.2
2024/05/06 (20:26:37) | WARNING: NVML: Failed to get maximum GPU power draw, defaulting to 225W: Not Supported
2024/05/06 (20:26:37) | WARNING: NVML: Failed to get GPU power usage: Not Supported

2024/05/06 (22:40:02) | ===> btop++ v.1.3.2
2024/05/06 (22:40:02) | WARNING: NVML: Failed to get maximum GPU power draw, defaulting to 225W: Not Supported
2024/05/06 (22:40:02) | WARNING: NVML: Failed to get GPU power usage: Not Supported

2024/05/08 (20:22:14) | ===> btop++ v.1.3.2
2024/05/08 (20:22:14) | WARNING: NVML: Failed to get maximum GPU power draw, defaulting to 225W: Not Supported
2024/05/08 (20:22:14) | WARNING: NVML: Failed to get GPU power usage: Not Supported

2024/05/09 (02:23:08) | ===> btop++ v.1.3.2
2024/05/09 (02:23:08) | WARNING: NVML: Failed to get maximum GPU power draw, defaulting to 225W: Not Supported
2024/05/09 (02:23:08) | WARNING: NVML: Failed to get GPU power usage: Not Supported

2024/05/11 (22:46:48) | ===> btop++ v.1.3.2
2024/05/11 (22:46:48) | WARNING: NVML: Failed to get maximum GPU power draw, defaulting to 225W: Not Supported
2024/05/11 (22:46:48) | WARNING: NVML: Failed to get GPU power usage: Not Supported

2024/05/12 (09:38:48) | ===> btop++ v.1.3.2
2024/05/12 (09:38:48) | WARNING: NVML: Failed to get maximum GPU power draw, defaulting to 225W: Not Supported
2024/05/12 (09:38:48) | WARNING: NVML: Failed to get GPU power usage: Not Supported

2024/05/12 (09:38:50) | ===> btop++ v.1.3.2
2024/05/12 (09:38:50) | WARNING: NVML: Failed to get maximum GPU power draw, defaulting to 225W: Not Supported
2024/05/12 (09:38:50) | WARNING: NVML: Failed to get GPU power usage: Not Supported

2024/05/12 (09:38:52) | ===> btop++ v.1.3.2
2024/05/12 (09:38:52) | WARNING: NVML: Failed to get maximum GPU power draw, defaulting to 225W: Not Supported
2024/05/12 (09:38:52) | WARNING: NVML: Failed to get GPU power usage: Not Supported

2024/05/12 (09:38:54) | ===> btop++ v.1.3.2
2024/05/12 (09:38:54) | WARNING: NVML: Failed to get maximum GPU power draw, defaulting to 225W: Not Supported
2024/05/12 (09:38:54) | WARNING: NVML: Failed to get GPU power usage: Not Supported

2024/05/12 (09:38:57) | ===> btop++ v.1.3.2
2024/05/12 (09:38:57) | WARNING: NVML: Failed to get maximum GPU power draw, defaulting to 225W: Not Supported
2024/05/12 (09:38:57) | WARNING: NVML: Failed to get GPU power usage: Not Supported

2024/05/12 (09:39:03) | ===> btop++ v.1.3.2
2024/05/12 (09:39:03) | WARNING: NVML: Failed to get maximum GPU power draw, defaulting to 225W: Not Supported
2024/05/12 (09:39:03) | WARNING: NVML: Failed to get GPU power usage: Not Supported

2024/05/12 (09:42:34) | ===> btop++ v.1.3.2
2024/05/12 (09:42:34) | WARNING: NVML: Failed to get maximum GPU power draw, defaulting to 225W: Not Supported
2024/05/12 (09:42:34) | WARNING: NVML: Failed to get GPU power usage: Not Supported

2024/05/12 (12:20:33) | ===> btop++ v.1.3.2
2024/05/12 (12:20:33) | WARNING: NVML: Failed to get maximum GPU power draw, defaulting to 225W: Not Supported
2024/05/12 (12:20:33) | WARNING: NVML: Failed to get GPU power usage: Not Supported

2024/05/12 (12:30:17) | ===> btop++ v.1.3.2
2024/05/12 (12:30:17) | WARNING: NVML: Failed to get maximum GPU power draw, defaulting to 225W: Not Supported
2024/05/12 (12:30:17) | WARNING: NVML: Failed to get GPU power usage: Not Supported

2024/05/12 (13:48:43) | ===> btop++ v.1.3.2
2024/05/12 (13:48:43) | WARNING: NVML: Failed to get maximum GPU power draw, defaulting to 225W: Not Supported
2024/05/12 (13:48:43) | WARNING: NVML: Failed to get GPU power usage: Not Supported

2024/05/12 (13:54:16) | ===> btop++ v.1.3.2
2024/05/12 (13:54:16) | WARNING: NVML: Failed to get maximum GPU power draw, defaulting to 225W: Not Supported
2024/05/12 (13:54:16) | WARNING: NVML: Failed to get GPU power usage: Not Supported

2024/05/12 (14:14:07) | ===> btop++ v.1.3.2
2024/05/12 (14:14:07) | WARNING: NVML: Failed to get maximum GPU power draw, defaulting to 225W: Not Supported
2024/05/12 (14:14:07) | WARNING: NVML: Failed to get GPU power usage: Not Supported

2024/05/12 (15:30:04) | ===> btop++ v.1.3.2
2024/05/12 (15:30:04) | WARNING: NVML: Failed to get maximum GPU power draw, defaulting to 225W: Not Supported
2024/05/12 (15:30:04) | WARNING: NVML: Failed to get GPU power usage: Not Supported

2024/05/12 (15:33:21) | ===> btop++ v.1.3.2
2024/05/12 (15:33:21) | WARNING: NVML: Failed to get maximum GPU power draw, defaulting to 225W: Not Supported
2024/05/12 (15:33:21) | WARNING: NVML: Failed to get GPU power usage: Not Supported

2024/05/12 (16:02:21) | ===> btop++ v.1.3.2
2024/05/12 (16:02:21) | WARNING: NVML: Failed to get maximum GPU power draw, defaulting to 225W: Not Supported
2024/05/12 (16:02:21) | WARNING: NVML: Failed to get GPU power usage: Not Supported

2024/05/12 (16:04:31) | ===> btop++ v.1.3.2
2024/05/12 (16:04:31) | WARNING: NVML: Failed to get maximum GPU power draw, defaulting to 225W: Not Supported
2024/05/12 (16:04:31) | WARNING: NVML: Failed to get GPU power usage: Not Supported

2024/05/12 (16:09:40) | ===> btop++ v.1.3.2
2024/05/12 (16:09:40) | WARNING: NVML: Failed to get maximum GPU power draw, defaulting to 225W: Not Supported
2024/05/12 (16:09:40) | WARNING: NVML: Failed to get GPU power usage: Not Supported

2024/05/12 (16:50:49) | ===> btop++ v.1.3.2
2024/05/12 (16:50:49) | WARNING: NVML: Failed to get maximum GPU power draw, defaulting to 225W: Not Supported
2024/05/12 (16:50:49) | WARNING: NVML: Failed to get GPU power usage: Not Supported

2024/05/12 (18:42:10) | ===> btop++ v.1.3.2
2024/05/12 (18:42:10) | WARNING: NVML: Failed to get maximum GPU power draw, defaulting to 225W: Not Supported
2024/05/12 (18:42:10) | WARNING: NVML: Failed to get GPU power usage: Not Supported

2024/05/12 (18:42:25) | ===> btop++ v.1.3.2
2024/05/12 (18:42:25) | WARNING: NVML: Failed to get maximum GPU power draw, defaulting to 225W: Not Supported
2024/05/12 (18:42:25) | WARNING: NVML: Failed to get GPU power usage: Not Supported

2024/05/12 (18:42:27) | ===> btop++ v.1.3.2
2024/05/12 (18:42:27) | WARNING: NVML: Failed to get maximum GPU power draw, defaulting to 225W: Not Supported
2024/05/12 (18:42:27) | WARNING: NVML: Failed to get GPU power usage: Not Supported

2024/05/12 (18:42:28) | ===> btop++ v.1.3.2
2024/05/12 (18:42:28) | WARNING: NVML: Failed to get maximum GPU power draw, defaulting to 225W: Not Supported
2024/05/12 (18:42:28) | WARNING: NVML: Failed to get GPU power usage: Not Supported

2024/05/12 (18:42:29) | ===> btop++ v.1.3.2
2024/05/12 (18:42:29) | WARNING: NVML: Failed to get maximum GPU power draw, defaulting to 225W: Not Supported
2024/05/12 (18:42:29) | WARNING: NVML: Failed to get GPU power usage: Not Supported

2024/05/12 (18:42:29) | ===> btop++ v.1.3.2
2024/05/12 (18:42:29) | WARNING: NVML: Failed to get maximum GPU power draw, defaulting to 225W: Not Supported
2024/05/12 (18:42:29) | WARNING: NVML: Failed to get GPU power usage: Not Supported

2024/05/12 (18:42:30) | ===> btop++ v.1.3.2
2024/05/12 (18:42:30) | WARNING: NVML: Failed to get maximum GPU power draw, defaulting to 225W: Not Supported
2024/05/12 (18:42:30) | WARNING: NVML: Failed to get GPU power usage: Not Supported

2024/05/12 (18:42:31) | ===> btop++ v.1.3.2
2024/05/12 (18:42:31) | WARNING: NVML: Failed to get maximum GPU power draw, defaulting to 225W: Not Supported
2024/05/12 (18:42:31) | WARNING: NVML: Failed to get GPU power usage: Not Supported

2024/05/12 (18:42:31) | ===> btop++ v.1.3.2
2024/05/12 (18:42:31) | WARNING: NVML: Failed to get maximum GPU power draw, defaulting to 225W: Not Supported
2024/05/12 (18:42:31) | WARNING: NVML: Failed to get GPU power usage: Not Supported

2024/05/12 (18:46:39) | ===> btop++ v.1.3.2
2024/05/12 (18:46:39) | WARNING: NVML: Failed to get maximum GPU power draw, defaulting to 225W: Not Supported
2024/05/12 (18:46:39) | WARNING: NVML: Failed to get GPU power usage: Not Supported

2024/05/12 (20:04:27) | ===> btop++ v.1.3.2
2024/05/12 (20:04:27) | WARNING: NVML: Failed to get maximum GPU power draw, defaulting to 225W: Not Supported
2024/05/12 (20:04:27) | WARNING: NVML: Failed to get GPU power usage: Not Supported

2024/05/12 (22:20:34) | ===> btop++ v.1.3.2
2024/05/12 (22:20:34) | WARNING: NVML: Failed to get maximum GPU power draw, defaulting to 225W: Not Supported
2024/05/12 (22:20:34) | WARNING: NVML: Failed to get GPU power usage: Not Supported

2024/05/12 (22:20:58) | ===> btop++ v.1.3.2
2024/05/12 (22:20:58) | WARNING: NVML: Failed to get maximum GPU power draw, defaulting to 225W: Not Supported
2024/05/12 (22:20:58) | WARNING: NVML: Failed to get GPU power usage: Not Supported

2024/05/12 (22:21:16) | ===> btop++ v.1.3.2
2024/05/12 (22:21:16) | WARNING: NVML: Failed to get maximum GPU power draw, defaulting to 225W: Not Supported
2024/05/12 (22:21:16) | WARNING: NVML: Failed to get GPU power usage: Not Supported

2024/05/12 (22:23:48) | ===> btop++ v.1.3.2
2024/05/12 (22:23:48) | WARNING: NVML: Failed to get maximum GPU power draw, defaulting to 225W: Not Supported
2024/05/12 (22:23:48) | WARNING: NVML: Failed to get GPU power usage: Not Supported

2024/05/13 (00:15:31) | ===> btop++ v.1.3.2
2024/05/13 (00:15:31) | WARNING: NVML: Failed to get maximum GPU power draw, defaulting to 225W: Not Supported
2024/05/13 (00:15:31) | WARNING: NVML: Failed to get GPU power usage: Not Supported

2024/05/14 (19:39:34) | ===> btop++ v.1.3.2
2024/05/14 (19:39:34) | WARNING: NVML: Failed to get maximum GPU power draw, defaulting to 225W: Not Supported
2024/05/14 (19:39:34) | WARNING: NVML: Failed to get GPU power usage: Not Supported

2024/05/14 (19:41:51) | ===> btop++ v.1.3.2
2024/05/14 (19:41:51) | WARNING: NVML: Failed to get maximum GPU power draw, defaulting to 225W: Not Supported
2024/05/14 (19:41:51) | WARNING: NVML: Failed to get GPU power usage: Not Supported

2024/05/14 (22:32:54) | ===> btop++ v.1.3.2
2024/05/14 (22:32:54) | WARNING: NVML: Failed to get maximum GPU power draw, defaulting to 225W: Not Supported
2024/05/14 (22:32:54) | WARNING: NVML: Failed to get GPU power usage: Not Supported

2024/05/14 (22:39:58) | ===> btop++ v.1.3.2
2024/05/14 (22:39:58) | WARNING: NVML: Failed to get maximum GPU power draw, defaulting to 225W: Not Supported
2024/05/14 (22:39:58) | WARNING: NVML: Failed to get GPU power usage: Not Supported

2024/05/14 (23:08:29) | ===> btop++ v.1.3.2
2024/05/14 (23:08:29) | WARNING: NVML: Failed to get maximum GPU power draw, defaulting to 225W: Not Supported
2024/05/14 (23:08:29) | WARNING: NVML: Failed to get GPU power usage: Not Supported

2024/05/15 (13:25:42) | ===> btop++ v.1.3.2
2024/05/15 (13:25:42) | WARNING: NVML: Failed to get maximum GPU power draw, defaulting to 225W: Not Supported
2024/05/15 (13:25:42) | WARNING: NVML: Failed to get GPU power usage: Not Supported

2024/05/15 (13:25:45) | ===> btop++ v.1.3.2
2024/05/15 (13:25:45) | WARNING: NVML: Failed to get maximum GPU power draw, defaulting to 225W: Not Supported
2024/05/15 (13:25:45) | WARNING: NVML: Failed to get GPU power usage: Not Supported

2024/05/15 (22:08:43) | ===> btop++ v.1.3.2
2024/05/15 (22:08:43) | WARNING: NVML: Failed to get maximum GPU power draw, defaulting to 225W: Not Supported
2024/05/15 (22:08:43) | WARNING: NVML: Failed to get GPU power usage: Not Supported

2024/05/16 (01:02:46) | ===> btop++ v.1.3.2
2024/05/16 (01:02:46) | WARNING: NVML: Failed to get maximum GPU power draw, defaulting to 225W: Not Supported
2024/05/16 (01:02:46) | WARNING: NVML: Failed to get GPU power usage: Not Supported

2024/05/16 (01:03:14) | ===> btop++ v.1.3.2
2024/05/16 (01:03:14) | WARNING: NVML: Failed to get maximum GPU power draw, defaulting to 225W: Not Supported
2024/05/16 (01:03:14) | WARNING: NVML: Failed to get GPU power usage: Not Supported

2024/05/17 (12:13:37) | ===> btop++ v.1.3.2
2024/05/17 (12:13:37) | WARNING: NVML: Failed to get maximum GPU power draw, defaulting to 225W: Not Supported
2024/05/17 (12:13:37) | WARNING: NVML: Failed to get GPU power usage: Not Supported

2024/05/17 (16:17:17) | ===> btop++ v.1.3.2
2024/05/17 (16:17:17) | WARNING: NVML: Failed to get maximum GPU power draw, defaulting to 225W: Not Supported
2024/05/17 (16:17:17) | WARNING: NVML: Failed to get GPU power usage: Not Supported

2024/05/19 (18:10:01) | ===> btop++ v.1.3.2
2024/05/19 (18:10:01) | WARNING: NVML: Failed to get maximum GPU power draw, defaulting to 225W: Not Supported
2024/05/19 (18:10:01) | WARNING: NVML: Failed to get GPU power usage: Not Supported

2024/05/20 (00:56:03) | ===> btop++ v.1.3.2
2024/05/20 (00:56:03) | WARNING: NVML: Failed to get maximum GPU power draw, defaulting to 225W: Not Supported
2024/05/20 (00:56:03) | WARNING: NVML: Failed to get GPU power usage: Not Supported

2024/05/20 (16:19:21) | ===> btop++ v.1.3.2
2024/05/20 (16:19:21) | WARNING: NVML: Failed to get maximum GPU power draw, defaulting to 225W: Not Supported
2024/05/20 (16:19:21) | WARNING: NVML: Failed to get GPU power usage: Not Supported

2024/05/24 (00:55:33) | ===> btop++ v.1.3.2
2024/05/24 (00:55:33) | WARNING: NVML: Failed to get maximum GPU power draw, defaulting to 225W: Not Supported
2024/05/24 (00:55:33) | WARNING: NVML: Failed to get GPU power usage: Not Supported

2024/05/24 (01:02:57) | ===> btop++ v.1.3.2
2024/05/24 (01:02:57) | WARNING: NVML: Failed to get maximum GPU power draw, defaulting to 225W: Not Supported
2024/05/24 (01:02:57) | WARNING: NVML: Failed to get GPU power usage: Not Supported

2024/05/24 (01:03:10) | ===> btop++ v.1.3.2
2024/05/24 (01:03:10) | WARNING: NVML: Failed to get maximum GPU power draw, defaulting to 225W: Not Supported
2024/05/24 (01:03:10) | WARNING: NVML: Failed to get GPU power usage: Not Supported

2024/05/24 (12:19:55) | ===> btop++ v.1.3.2
2024/05/24 (12:19:55) | WARNING: NVML: Failed to get maximum GPU power draw, defaulting to 225W: Not Supported
2024/05/24 (12:19:55) | WARNING: NVML: Failed to get GPU power usage: Not Supported

2024/05/25 (18:24:15) | ===> btop++ v.1.3.2
2024/05/25 (18:24:15) | WARNING: NVML: Failed to get maximum GPU power draw, defaulting to 225W: Not Supported
2024/05/25 (18:24:15) | WARNING: NVML: Failed to get GPU power usage: Not Supported

2024/05/25 (18:24:41) | ===> btop++ v.1.3.2
2024/05/25 (18:24:41) | WARNING: NVML: Failed to get maximum GPU power draw, defaulting to 225W: Not Supported
2024/05/25 (18:24:41) | WARNING: NVML: Failed to get GPU power usage: Not Supported

2024/05/26 (18:22:43) | ===> btop++ v.1.3.2
2024/05/26 (18:22:43) | WARNING: NVML: Failed to get maximum GPU power draw, defaulting to 225W: Not Supported
2024/05/26 (18:22:43) | WARNING: NVML: Failed to get GPU power usage: Not Supported

2024/05/27 (14:59:01) | ===> btop++ v.1.3.2
2024/05/27 (14:59:01) | WARNING: NVML: Failed to get maximum GPU power draw, defaulting to 225W: Not Supported
2024/05/27 (14:59:01) | WARNING: NVML: Failed to get GPU power usage: Not Supported

2024/05/28 (00:46:12) | ===> btop++ v.1.3.2
2024/05/28 (00:46:12) | WARNING: NVML: Failed to get maximum GPU power draw, defaulting to 225W: Not Supported
2024/05/28 (00:46:12) | WARNING: NVML: Failed to get GPU power usage: Not Supported

2024/05/28 (01:03:17) | ===> btop++ v.1.3.2
2024/05/28 (01:03:17) | WARNING: NVML: Failed to get maximum GPU power draw, defaulting to 225W: Not Supported
2024/05/28 (01:03:17) | WARNING: NVML: Failed to get GPU power usage: Not Supported

2024/05/28 (22:34:02) | ===> btop++ v.1.3.2
2024/05/28 (22:34:02) | WARNING: NVML: Failed to get maximum GPU power draw, defaulting to 225W: Not Supported
2024/05/28 (22:34:02) | WARNING: NVML: Failed to get GPU power usage: Not Supported

2024/05/28 (22:34:14) | ===> btop++ v.1.3.2
2024/05/28 (22:34:14) | WARNING: NVML: Failed to get maximum GPU power draw, defaulting to 225W: Not Supported
2024/05/28 (22:34:14) | WARNING: NVML: Failed to get GPU power usage: Not Supported

2024/05/28 (22:34:54) | ===> btop++ v.1.3.2
2024/05/28 (22:34:54) | WARNING: NVML: Failed to get maximum GPU power draw, defaulting to 225W: Not Supported
2024/05/28 (22:34:54) | WARNING: NVML: Failed to get GPU power usage: Not Supported

2024/06/01 (00:46:52) | ===> btop++ v.1.3.2
2024/06/01 (00:46:52) | WARNING: NVML: Failed to get maximum GPU power draw, defaulting to 225W: Not Supported
2024/06/01 (00:46:52) | WARNING: NVML: Failed to get GPU power usage: Not Supported

2024/06/01 (00:48:02) | ===> btop++ v.1.3.2
2024/06/01 (00:48:02) | WARNING: NVML: Failed to get maximum GPU power draw, defaulting to 225W: Not Supported
2024/06/01 (00:48:02) | WARNING: NVML: Failed to get GPU power usage: Not Supported

2024/06/01 (13:47:56) | ===> btop++ v.1.3.2
2024/06/01 (13:47:56) | WARNING: NVML: Failed to get maximum GPU power draw, defaulting to 225W: Not Supported
2024/06/01 (13:47:56) | WARNING: NVML: Failed to get GPU power usage: Not Supported

2024/06/01 (14:43:36) | ===> btop++ v.1.3.2
2024/06/01 (14:43:36) | WARNING: NVML: Failed to get maximum GPU power draw, defaulting to 225W: Not Supported
2024/06/01 (14:43:36) | WARNING: NVML: Failed to get GPU power usage: Not Supported

2024/06/02 (10:51:29) | ===> btop++ v.1.3.2
2024/06/02 (10:51:29) | WARNING: NVML: Failed to get maximum GPU power draw, defaulting to 225W: Not Supported
2024/06/02 (10:51:29) | WARNING: NVML: Failed to get GPU power usage: Not Supported

2024/06/02 (10:51:31) | ===> btop++ v.1.3.2
2024/06/02 (10:51:31) | WARNING: NVML: Failed to get maximum GPU power draw, defaulting to 225W: Not Supported
2024/06/02 (10:51:31) | WARNING: NVML: Failed to get GPU power usage: Not Supported

2024/06/02 (16:38:17) | ===> btop++ v.1.3.2
2024/06/02 (16:38:17) | WARNING: NVML: Failed to get maximum GPU power draw, defaulting to 225W: Not Supported
2024/06/02 (16:38:17) | WARNING: NVML: Failed to get GPU power usage: Not Supported

2024/06/02 (18:36:02) | ===> btop++ v.1.3.2
2024/06/02 (18:36:02) | WARNING: NVML: Failed to get maximum GPU power draw, defaulting to 225W: Not Supported
2024/06/02 (18:36:02) | WARNING: NVML: Failed to get GPU power usage: Not Supported

2024/06/02 (19:32:51) | ===> btop++ v.1.3.2
2024/06/02 (19:32:51) | WARNING: NVML: Failed to get maximum GPU power draw, defaulting to 225W: Not Supported
2024/06/02 (19:32:51) | WARNING: NVML: Failed to get GPU power usage: Not Supported

2024/06/02 (19:38:13) | ===> btop++ v.1.3.2
2024/06/02 (19:38:13) | WARNING: NVML: Failed to get maximum GPU power draw, defaulting to 225W: Not Supported
2024/06/02 (19:38:13) | WARNING: NVML: Failed to get GPU power usage: Not Supported

2024/06/02 (20:04:08) | ===> btop++ v.1.3.2
2024/06/02 (20:04:08) | WARNING: NVML: Failed to get maximum GPU power draw, defaulting to 225W: Not Supported
2024/06/02 (20:04:08) | WARNING: NVML: Failed to get GPU power usage: Not Supported

2024/06/02 (20:34:01) | ===> btop++ v.1.3.2
2024/06/02 (20:34:01) | WARNING: NVML: Failed to get maximum GPU power draw, defaulting to 225W: Not Supported
2024/06/02 (20:34:01) | WARNING: NVML: Failed to get GPU power usage: Not Supported

2024/06/02 (20:54:56) | ===> btop++ v.1.3.2
2024/06/02 (20:54:56) | WARNING: NVML: Failed to get maximum GPU power draw, defaulting to 225W: Not Supported
2024/06/02 (20:54:56) | WARNING: NVML: Failed to get GPU power usage: Not Supported

2024/06/02 (20:55:24) | ===> btop++ v.1.3.2
2024/06/02 (20:55:24) | WARNING: NVML: Failed to get maximum GPU power draw, defaulting to 225W: Not Supported
2024/06/02 (20:55:24) | WARNING: NVML: Failed to get GPU power usage: Not Supported

2024/06/02 (20:55:42) | ===> btop++ v.1.3.2
2024/06/02 (20:55:42) | WARNING: NVML: Failed to get maximum GPU power draw, defaulting to 225W: Not Supported
2024/06/02 (20:55:42) | WARNING: NVML: Failed to get GPU power usage: Not Supported

2024/06/02 (20:55:58) | ===> btop++ v.1.3.2
2024/06/02 (20:55:58) | WARNING: NVML: Failed to get maximum GPU power draw, defaulting to 225W: Not Supported
2024/06/02 (20:55:58) | WARNING: NVML: Failed to get GPU power usage: Not Supported

2024/06/02 (20:59:26) | ===> btop++ v.1.3.2
2024/06/02 (20:59:26) | WARNING: NVML: Failed to get maximum GPU power draw, defaulting to 225W: Not Supported
2024/06/02 (20:59:26) | WARNING: NVML: Failed to get GPU power usage: Not Supported

2024/06/06 (02:52:54) | ===> btop++ v.1.3.2
2024/06/06 (02:52:54) | WARNING: NVML: Failed to get maximum GPU power draw, defaulting to 225W: Not Supported
2024/06/06 (02:52:54) | WARNING: NVML: Failed to get GPU power usage: Not Supported

2024/06/06 (15:20:37) | ===> btop++ v.1.3.2
2024/06/06 (15:20:37) | WARNING: NVML: Failed to get maximum GPU power draw, defaulting to 225W: Not Supported
2024/06/06 (15:20:37) | WARNING: NVML: Failed to get GPU power usage: Not Supported

2024/06/06 (15:21:16) | ===> btop++ v.1.3.2
2024/06/06 (15:21:16) | WARNING: NVML: Failed to get maximum GPU power draw, defaulting to 225W: Not Supported
2024/06/06 (15:21:16) | WARNING: NVML: Failed to get GPU power usage: Not Supported

2024/06/06 (15:21:18) | ===> btop++ v.1.3.2
2024/06/06 (15:21:18) | WARNING: NVML: Failed to get maximum GPU power draw, defaulting to 225W: Not Supported
2024/06/06 (15:21:18) | WARNING: NVML: Failed to get GPU power usage: Not Supported

2024/06/06 (15:21:19) | ===> btop++ v.1.3.2
2024/06/06 (15:21:19) | WARNING: NVML: Failed to get maximum GPU power draw, defaulting to 225W: Not Supported
2024/06/06 (15:21:19) | WARNING: NVML: Failed to get GPU power usage: Not Supported

2024/06/06 (15:21:25) | ===> btop++ v.1.3.2
2024/06/06 (15:21:25) | WARNING: NVML: Failed to get maximum GPU power draw, defaulting to 225W: Not Supported
2024/06/06 (15:21:25) | WARNING: NVML: Failed to get GPU power usage: Not Supported

2024/06/06 (15:23:46) | ===> btop++ v.1.3.2
2024/06/06 (15:23:46) | WARNING: NVML: Failed to get maximum GPU power draw, defaulting to 225W: Not Supported
2024/06/06 (15:23:46) | WARNING: NVML: Failed to get GPU power usage: Not Supported

2024/06/06 (16:16:54) | ===> btop++ v.1.3.2
2024/06/06 (16:16:54) | WARNING: NVML: Failed to get maximum GPU power draw, defaulting to 225W: Not Supported
2024/06/06 (16:16:54) | WARNING: NVML: Failed to get GPU power usage: Not Supported

2024/06/06 (16:16:57) | ===> btop++ v.1.3.2
2024/06/06 (16:16:57) | WARNING: NVML: Failed to get maximum GPU power draw, defaulting to 225W: Not Supported
2024/06/06 (16:16:57) | WARNING: NVML: Failed to get GPU power usage: Not Supported

2024/06/06 (16:17:00) | ===> btop++ v.1.3.2
2024/06/06 (16:17:00) | WARNING: NVML: Failed to get maximum GPU power draw, defaulting to 225W: Not Supported
2024/06/06 (16:17:00) | WARNING: NVML: Failed to get GPU power usage: Not Supported

2024/06/06 (16:17:04) | ===> btop++ v.1.3.2
2024/06/06 (16:17:04) | WARNING: NVML: Failed to get maximum GPU power draw, defaulting to 225W: Not Supported
2024/06/06 (16:17:04) | WARNING: NVML: Failed to get GPU power usage: Not Supported

2024/06/06 (16:17:17) | ===> btop++ v.1.3.2
2024/06/06 (16:17:17) | WARNING: NVML: Failed to get maximum GPU power draw, defaulting to 225W: Not Supported
2024/06/06 (16:17:17) | WARNING: NVML: Failed to get GPU power usage: Not Supported

2024/06/06 (16:17:19) | ===> btop++ v.1.3.2
2024/06/06 (16:17:19) | WARNING: NVML: Failed to get maximum GPU power draw, defaulting to 225W: Not Supported
2024/06/06 (16:17:19) | WARNING: NVML: Failed to get GPU power usage: Not Supported

2024/06/06 (16:17:20) | ===> btop++ v.1.3.2
2024/06/06 (16:17:20) | WARNING: NVML: Failed to get maximum GPU power draw, defaulting to 225W: Not Supported
2024/06/06 (16:17:20) | WARNING: NVML: Failed to get GPU power usage: Not Supported

2024/06/06 (16:17:21) | ===> btop++ v.1.3.2
2024/06/06 (16:17:21) | WARNING: NVML: Failed to get maximum GPU power draw, defaulting to 225W: Not Supported
2024/06/06 (16:17:21) | WARNING: NVML: Failed to get GPU power usage: Not Supported

2024/06/07 (13:12:12) | ===> btop++ v.1.3.2
2024/06/07 (13:12:12) | WARNING: NVML: Failed to get maximum GPU power draw, defaulting to 225W: Not Supported
2024/06/07 (13:12:12) | WARNING: NVML: Failed to get GPU power usage: Not Supported

2024/06/09 (03:12:41) | ===> btop++ v.1.3.2
2024/06/09 (03:12:41) | WARNING: NVML: Failed to get maximum GPU power draw, defaulting to 225W: Not Supported
2024/06/09 (03:12:41) | WARNING: NVML: Failed to get GPU power usage: Not Supported

2024/06/09 (03:13:24) | ===> btop++ v.1.3.2
2024/06/09 (03:13:24) | WARNING: NVML: Failed to get maximum GPU power draw, defaulting to 225W: Not Supported
2024/06/09 (03:13:24) | WARNING: NVML: Failed to get GPU power usage: Not Supported

2024/06/09 (03:13:37) | ===> btop++ v.1.3.2
2024/06/09 (03:13:37) | WARNING: NVML: Failed to get maximum GPU power draw, defaulting to 225W: Not Supported
2024/06/09 (03:13:37) | WARNING: NVML: Failed to get GPU power usage: Not Supported

2024/06/09 (03:13:40) | ===> btop++ v.1.3.2
2024/06/09 (03:13:40) | WARNING: NVML: Failed to get maximum GPU power draw, defaulting to 225W: Not Supported
2024/06/09 (03:13:40) | WARNING: NVML: Failed to get GPU power usage: Not Supported

2024/06/09 (16:19:24) | ===> btop++ v.1.3.2
2024/06/09 (16:19:24) | WARNING: NVML: Failed to get maximum GPU power draw, defaulting to 225W: Not Supported
2024/06/09 (16:19:24) | WARNING: NVML: Failed to get GPU power usage: Not Supported

2024/06/10 (21:09:56) | ===> btop++ v.1.3.2
2024/06/10 (21:09:56) | WARNING: NVML: Failed to get maximum GPU power draw, defaulting to 225W: Not Supported
2024/06/10 (21:09:56) | WARNING: NVML: Failed to get GPU power usage: Not Supported

2024/06/10 (21:12:27) | ===> btop++ v.1.3.2
2024/06/10 (21:12:27) | WARNING: NVML: Failed to get maximum GPU power draw, defaulting to 225W: Not Supported
2024/06/10 (21:12:27) | WARNING: NVML: Failed to get GPU power usage: Not Supported

2024/06/10 (22:37:56) | ===> btop++ v.1.3.2
2024/06/10 (22:37:56) | WARNING: NVML: Failed to get maximum GPU power draw, defaulting to 225W: Not Supported
2024/06/10 (22:37:56) | WARNING: NVML: Failed to get GPU power usage: Not Supported

2024/06/10 (22:41:03) | ===> btop++ v.1.3.2
2024/06/10 (22:41:03) | WARNING: NVML: Failed to get maximum GPU power draw, defaulting to 225W: Not Supported
2024/06/10 (22:41:03) | WARNING: NVML: Failed to get GPU power usage: Not Supported

2024/06/10 (22:41:42) | ===> btop++ v.1.3.2
2024/06/10 (22:41:42) | WARNING: NVML: Failed to get maximum GPU power draw, defaulting to 225W: Not Supported
2024/06/10 (22:41:42) | WARNING: NVML: Failed to get GPU power usage: Not Supported

2024/06/11 (21:44:53) | ===> btop++ v.1.3.2
2024/06/11 (21:44:53) | WARNING: NVML: Failed to get maximum GPU power draw, defaulting to 225W: Not Supported
2024/06/11 (21:44:53) | WARNING: NVML: Failed to get GPU power usage: Not Supported

2024/06/11 (22:59:28) | ===> btop++ v.1.3.2
2024/06/11 (22:59:28) | WARNING: NVML: Failed to get maximum GPU power draw, defaulting to 225W: Not Supported
2024/06/11 (22:59:28) | WARNING: NVML: Failed to get GPU power usage: Not Supported

2024/06/11 (23:00:30) | ===> btop++ v.1.3.2
2024/06/11 (23:00:30) | WARNING: NVML: Failed to get maximum GPU power draw, defaulting to 225W: Not Supported
2024/06/11 (23:00:30) | WARNING: NVML: Failed to get GPU power usage: Not Supported

2024/06/12 (01:38:55) | ===> btop++ v.1.3.2
2024/06/12 (01:38:55) | WARNING: NVML: Failed to get maximum GPU power draw, defaulting to 225W: Not Supported
2024/06/12 (01:38:55) | WARNING: NVML: Failed to get GPU power usage: Not Supported

2024/06/12 (01:38:59) | ===> btop++ v.1.3.2
2024/06/12 (01:38:59) | WARNING: NVML: Failed to get maximum GPU power draw, defaulting to 225W: Not Supported
2024/06/12 (01:38:59) | WARNING: NVML: Failed to get GPU power usage: Not Supported

2024/06/12 (01:42:38) | ===> btop++ v.1.3.2
2024/06/12 (01:42:38) | WARNING: NVML: Failed to get maximum GPU power draw, defaulting to 225W: Not Supported
2024/06/12 (01:42:38) | WARNING: NVML: Failed to get GPU power usage: Not Supported

2024/06/14 (01:14:43) | ===> btop++ v.1.3.2
2024/06/14 (01:14:43) | WARNING: NVML: Failed to get maximum GPU power draw, defaulting to 225W: Not Supported
2024/06/14 (01:14:43) | WARNING: NVML: Failed to get GPU power usage: Not Supported

2024/06/14 (01:54:07) | ===> btop++ v.1.3.2
2024/06/14 (01:54:07) | WARNING: NVML: Failed to get maximum GPU power draw, defaulting to 225W: Not Supported
2024/06/14 (01:54:07) | WARNING: NVML: Failed to get GPU power usage: Not Supported

2024/06/14 (21:26:11) | ===> btop++ v.1.3.2
2024/06/14 (21:26:11) | WARNING: NVML: Failed to get maximum GPU power draw, defaulting to 225W: Not Supported
2024/06/14 (21:26:11) | WARNING: NVML: Failed to get GPU power usage: Not Supported

2024/06/15 (00:29:34) | ===> btop++ v.1.3.2
2024/06/15 (00:29:34) | WARNING: NVML: Failed to get maximum GPU power draw, defaulting to 225W: Not Supported
2024/06/15 (00:29:34) | WARNING: NVML: Failed to get GPU power usage: Not Supported

2024/06/15 (02:36:04) | ===> btop++ v.1.3.2
2024/06/15 (02:36:04) | WARNING: NVML: Failed to get maximum GPU power draw, defaulting to 225W: Not Supported
2024/06/15 (02:36:04) | WARNING: NVML: Failed to get GPU power usage: Not Supported

2024/06/15 (02:39:00) | ===> btop++ v.1.3.2
2024/06/15 (02:39:00) | WARNING: NVML: Failed to get maximum GPU power draw, defaulting to 225W: Not Supported
2024/06/15 (02:39:00) | WARNING: NVML: Failed to get GPU power usage: Not Supported

2024/06/15 (18:56:55) | ===> btop++ v.1.3.2
2024/06/15 (18:56:55) | WARNING: NVML: Failed to get maximum GPU power draw, defaulting to 225W: Not Supported
2024/06/15 (18:56:55) | WARNING: NVML: Failed to get GPU power usage: Not Supported

2024/06/15 (19:31:55) | ===> btop++ v.1.3.2
2024/06/15 (19:31:55) | WARNING: NVML: Failed to get maximum GPU power draw, defaulting to 225W: Not Supported
2024/06/15 (19:31:55) | WARNING: NVML: Failed to get GPU power usage: Not Supported

2024/06/15 (20:19:32) | ===> btop++ v.1.3.2
2024/06/15 (20:19:32) | WARNING: NVML: Failed to get maximum GPU power draw, defaulting to 225W: Not Supported
2024/06/15 (20:19:32) | WARNING: NVML: Failed to get GPU power usage: Not Supported

2024/06/15 (20:19:51) | ===> btop++ v.1.3.2
2024/06/15 (20:19:51) | WARNING: NVML: Failed to get maximum GPU power draw, defaulting to 225W: Not Supported
2024/06/15 (20:19:51) | WARNING: NVML: Failed to get GPU power usage: Not Supported

2024/06/15 (20:20:06) | ===> btop++ v.1.3.2
2024/06/15 (20:20:06) | WARNING: NVML: Failed to get maximum GPU power draw, defaulting to 225W: Not Supported
2024/06/15 (20:20:06) | WARNING: NVML: Failed to get GPU power usage: Not Supported

2024/06/15 (20:21:15) | ===> btop++ v.1.3.2
2024/06/15 (20:21:15) | WARNING: NVML: Failed to get maximum GPU power draw, defaulting to 225W: Not Supported
2024/06/15 (20:21:15) | WARNING: NVML: Failed to get GPU power usage: Not Supported

2024/06/15 (20:24:15) | ===> btop++ v.1.3.2
2024/06/15 (20:24:15) | WARNING: NVML: Failed to get maximum GPU power draw, defaulting to 225W: Not Supported
2024/06/15 (20:24:15) | WARNING: NVML: Failed to get GPU power usage: Not Supported

2024/06/15 (20:38:31) | ===> btop++ v.1.3.2
2024/06/15 (20:38:31) | WARNING: NVML: Failed to get maximum GPU power draw, defaulting to 225W: Not Supported
2024/06/15 (20:38:31) | WARNING: NVML: Failed to get GPU power usage: Not Supported

2024/06/15 (20:51:51) | ===> btop++ v.1.3.2
2024/06/15 (20:51:51) | WARNING: NVML: Failed to get maximum GPU power draw, defaulting to 225W: Not Supported
2024/06/15 (20:51:51) | WARNING: NVML: Failed to get GPU power usage: Not Supported

2024/06/15 (22:01:07) | ===> btop++ v.1.3.2
2024/06/15 (22:01:07) | WARNING: NVML: Failed to get maximum GPU power draw, defaulting to 225W: Not Supported
2024/06/15 (22:01:07) | WARNING: NVML: Failed to get GPU power usage: Not Supported

2024/06/15 (22:03:51) | ===> btop++ v.1.3.2
2024/06/15 (22:03:51) | WARNING: NVML: Failed to get maximum GPU power draw, defaulting to 225W: Not Supported
2024/06/15 (22:03:51) | WARNING: NVML: Failed to get GPU power usage: Not Supported

2024/06/15 (22:04:08) | ===> btop++ v.1.3.2
2024/06/15 (22:04:08) | WARNING: NVML: Failed to get maximum GPU power draw, defaulting to 225W: Not Supported
2024/06/15 (22:04:08) | WARNING: NVML: Failed to get GPU power usage: Not Supported

2024/06/15 (22:04:50) | ===> btop++ v.1.3.2
2024/06/15 (22:04:50) | WARNING: NVML: Failed to get maximum GPU power draw, defaulting to 225W: Not Supported
2024/06/15 (22:04:50) | WARNING: NVML: Failed to get GPU power usage: Not Supported

2024/06/15 (22:05:34) | ===> btop++ v.1.3.2
2024/06/15 (22:05:34) | WARNING: NVML: Failed to get maximum GPU power draw, defaulting to 225W: Not Supported
2024/06/15 (22:05:34) | WARNING: NVML: Failed to get GPU power usage: Not Supported

2024/06/15 (22:12:06) | ===> btop++ v.1.3.2
2024/06/15 (22:12:06) | WARNING: NVML: Failed to get maximum GPU power draw, defaulting to 225W: Not Supported
2024/06/15 (22:12:06) | WARNING: NVML: Failed to get GPU power usage: Not Supported

2024/06/15 (22:34:01) | ===> btop++ v.1.3.2
2024/06/15 (22:34:01) | WARNING: NVML: Failed to get maximum GPU power draw, defaulting to 225W: Not Supported
2024/06/15 (22:34:01) | WARNING: NVML: Failed to get GPU power usage: Not Supported

2024/06/15 (22:40:57) | ===> btop++ v.1.3.2
2024/06/15 (22:40:57) | WARNING: NVML: Failed to get maximum GPU power draw, defaulting to 225W: Not Supported
2024/06/15 (22:40:57) | WARNING: NVML: Failed to get GPU power usage: Not Supported

2024/06/15 (22:42:29) | ===> btop++ v.1.3.2
2024/06/15 (22:42:29) | WARNING: NVML: Failed to get maximum GPU power draw, defaulting to 225W: Not Supported
2024/06/15 (22:42:29) | WARNING: NVML: Failed to get GPU power usage: Not Supported

2024/06/15 (22:49:30) | ===> btop++ v.1.3.2
2024/06/15 (22:49:30) | WARNING: NVML: Failed to get maximum GPU power draw, defaulting to 225W: Not Supported
2024/06/15 (22:49:30) | WARNING: NVML: Failed to get GPU power usage: Not Supported

2024/06/16 (00:02:36) | ===> btop++ v.1.3.2
2024/06/16 (00:02:36) | WARNING: NVML: Failed to get maximum GPU power draw, defaulting to 225W: Not Supported
2024/06/16 (00:02:36) | WARNING: NVML: Failed to get GPU power usage: Not Supported

2024/06/16 (01:14:00) | ===> btop++ v.1.3.2
2024/06/16 (01:14:00) | WARNING: NVML: Failed to get maximum GPU power draw, defaulting to 225W: Not Supported
2024/06/16 (01:14:00) | WARNING: NVML: Failed to get GPU power usage: Not Supported

2024/06/16 (01:19:07) | ===> btop++ v.1.3.2
2024/06/16 (01:19:07) | WARNING: NVML: Failed to get maximum GPU power draw, defaulting to 225W: Not Supported
2024/06/16 (01:19:07) | WARNING: NVML: Failed to get GPU power usage: Not Supported

2024/06/16 (01:37:25) | ===> btop++ v.1.3.2
2024/06/16 (01:37:25) | WARNING: NVML: Failed to get maximum GPU power draw, defaulting to 225W: Not Supported
2024/06/16 (01:37:25) | WARNING: NVML: Failed to get GPU power usage: Not Supported

2024/06/16 (03:00:57) | ===> btop++ v.1.3.2
2024/06/16 (03:00:57) | WARNING: NVML: Failed to get maximum GPU power draw, defaulting to 225W: Not Supported
2024/06/16 (03:00:57) | WARNING: NVML: Failed to get GPU power usage: Not Supported

2024/06/16 (03:02:12) | ===> btop++ v.1.3.2
2024/06/16 (03:02:12) | WARNING: NVML: Failed to get maximum GPU power draw, defaulting to 225W: Not Supported
2024/06/16 (03:02:12) | WARNING: NVML: Failed to get GPU power usage: Not Supported

2024/06/16 (03:02:44) | ===> btop++ v.1.3.2
2024/06/16 (03:02:44) | WARNING: NVML: Failed to get maximum GPU power draw, defaulting to 225W: Not Supported
2024/06/16 (03:02:44) | WARNING: NVML: Failed to get GPU power usage: Not Supported

2024/06/16 (03:11:36) | ===> btop++ v.1.3.2
2024/06/16 (03:11:36) | WARNING: NVML: Failed to get maximum GPU power draw, defaulting to 225W: Not Supported
2024/06/16 (03:11:36) | WARNING: NVML: Failed to get GPU power usage: Not Supported

2024/06/16 (12:27:08) | ===> btop++ v.1.3.2
2024/06/16 (12:27:08) | WARNING: NVML: Failed to get maximum GPU power draw, defaulting to 225W: Not Supported
2024/06/16 (12:27:08) | WARNING: NVML: Failed to get GPU power usage: Not Supported

2024/06/16 (12:27:33) | ===> btop++ v.1.3.2
2024/06/16 (12:27:33) | WARNING: NVML: Failed to get maximum GPU power draw, defaulting to 225W: Not Supported
2024/06/16 (12:27:33) | WARNING: NVML: Failed to get GPU power usage: Not Supported

2024/06/16 (12:31:29) | ===> btop++ v.1.3.2
2024/06/16 (12:31:29) | WARNING: NVML: Failed to get maximum GPU power draw, defaulting to 225W: Not Supported
2024/06/16 (12:31:29) | WARNING: NVML: Failed to get GPU power usage: Not Supported

2024/06/16 (12:31:39) | ===> btop++ v.1.3.2
2024/06/16 (12:31:39) | WARNING: NVML: Failed to get maximum GPU power draw, defaulting to 225W: Not Supported
2024/06/16 (12:31:39) | WARNING: NVML: Failed to get GPU power usage: Not Supported

2024/06/16 (17:09:03) | ===> btop++ v.1.3.2
2024/06/16 (17:09:03) | WARNING: NVML: Failed to get maximum GPU power draw, defaulting to 225W: Not Supported
2024/06/16 (17:09:03) | WARNING: NVML: Failed to get GPU power usage: Not Supported

2024/06/17 (00:25:03) | ===> btop++ v.1.3.2
2024/06/17 (00:25:03) | WARNING: NVML: Failed to get maximum GPU power draw, defaulting to 225W: Not Supported
2024/06/17 (00:25:03) | WARNING: NVML: Failed to get GPU power usage: Not Supported

2024/06/17 (00:47:59) | ===> btop++ v.1.3.2
2024/06/17 (00:47:59) | WARNING: NVML: Failed to get maximum GPU power draw, defaulting to 225W: Not Supported
2024/06/17 (00:47:59) | WARNING: NVML: Failed to get GPU power usage: Not Supported

2024/06/17 (08:36:16) | ===> btop++ v.1.3.2
2024/06/17 (08:36:16) | WARNING: NVML: Failed to get maximum GPU power draw, defaulting to 225W: Not Supported
2024/06/17 (08:36:16) | WARNING: NVML: Failed to get GPU power usage: Not Supported

2024/06/18 (00:23:43) | ===> btop++ v.1.3.2
2024/06/18 (00:23:43) | WARNING: NVML: Failed to get maximum GPU power draw, defaulting to 225W: Not Supported
2024/06/18 (00:23:43) | WARNING: NVML: Failed to get GPU power usage: Not Supported

2024/06/18 (00:50:05) | ===> btop++ v.1.3.2
2024/06/18 (00:50:05) | WARNING: NVML: Failed to get maximum GPU power draw, defaulting to 225W: Not Supported
2024/06/18 (00:50:05) | WARNING: NVML: Failed to get GPU power usage: Not Supported

2024/06/18 (20:32:07) | ===> btop++ v.1.3.2
2024/06/18 (20:32:07) | WARNING: NVML: Failed to get maximum GPU power draw, defaulting to 225W: Not Supported
2024/06/18 (20:32:07) | WARNING: NVML: Failed to get GPU power usage: Not Supported

2024/06/19 (22:14:01) | ===> btop++ v.1.3.2
2024/06/19 (22:14:01) | WARNING: NVML: Failed to get maximum GPU power draw, defaulting to 225W: Not Supported
2024/06/19 (22:14:01) | WARNING: NVML: Failed to get GPU power usage: Not Supported

2024/06/20 (02:41:19) | ===> btop++ v.1.3.2
2024/06/20 (02:41:19) | WARNING: NVML: Failed to get maximum GPU power draw, defaulting to 225W: Not Supported
2024/06/20 (02:41:19) | WARNING: NVML: Failed to get GPU power usage: Not Supported

2024/06/20 (02:42:55) | ===> btop++ v.1.3.2
2024/06/20 (02:42:55) | WARNING: NVML: Failed to get maximum GPU power draw, defaulting to 225W: Not Supported
2024/06/20 (02:42:55) | WARNING: NVML: Failed to get GPU power usage: Not Supported

2024/06/20 (02:43:19) | ===> btop++ v.1.3.2
2024/06/20 (02:43:19) | WARNING: NVML: Failed to get maximum GPU power draw, defaulting to 225W: Not Supported
2024/06/20 (02:43:19) | WARNING: NVML: Failed to get GPU power usage: Not Supported

2024/06/20 (15:06:43) | ===> btop++ v.1.3.2
2024/06/20 (15:06:43) | WARNING: NVML: Failed to get maximum GPU power draw, defaulting to 225W: Not Supported
2024/06/20 (15:06:43) | WARNING: NVML: Failed to get GPU power usage: Not Supported

2024/06/20 (15:09:42) | ===> btop++ v.1.3.2
2024/06/20 (15:09:42) | WARNING: NVML: Failed to get maximum GPU power draw, defaulting to 225W: Not Supported
2024/06/20 (15:09:42) | WARNING: NVML: Failed to get GPU power usage: Not Supported

2024/06/20 (22:07:34) | ===> btop++ v.1.3.2
2024/06/20 (22:07:34) | WARNING: NVML: Failed to get maximum GPU power draw, defaulting to 225W: Not Supported
2024/06/20 (22:07:34) | WARNING: NVML: Failed to get GPU power usage: Not Supported

2024/06/22 (22:22:19) | ===> btop++ v.1.3.2
2024/06/22 (22:22:19) | WARNING: NVML: Failed to get maximum GPU power draw, defaulting to 225W: Not Supported
2024/06/22 (22:22:19) | WARNING: NVML: Failed to get GPU power usage: Not Supported

2024/06/22 (22:22:25) | ===> btop++ v.1.3.2
2024/06/22 (22:22:25) | WARNING: NVML: Failed to get maximum GPU power draw, defaulting to 225W: Not Supported
2024/06/22 (22:22:25) | WARNING: NVML: Failed to get GPU power usage: Not Supported

2024/06/22 (23:04:27) | ===> btop++ v.1.3.2
2024/06/22 (23:04:27) | WARNING: NVML: Failed to get maximum GPU power draw, defaulting to 225W: Not Supported
2024/06/22 (23:04:27) | WARNING: NVML: Failed to get GPU power usage: Not Supported

2024/06/22 (23:04:37) | ===> btop++ v.1.3.2
2024/06/22 (23:04:37) | WARNING: NVML: Failed to get maximum GPU power draw, defaulting to 225W: Not Supported
2024/06/22 (23:04:37) | WARNING: NVML: Failed to get GPU power usage: Not Supported

2024/06/24 (17:38:33) | ===> btop++ v.1.3.2
2024/06/24 (17:38:33) | WARNING: NVML: Failed to get maximum GPU power draw, defaulting to 225W: Not Supported
2024/06/24 (17:38:33) | WARNING: NVML: Failed to get GPU power usage: Not Supported

2024/06/26 (20:30:05) | ===> btop++ v.1.3.2
2024/06/26 (20:30:05) | WARNING: NVML: Failed to get maximum GPU power draw, defaulting to 225W: Not Supported
2024/06/26 (20:30:05) | WARNING: NVML: Failed to get GPU power usage: Not Supported

2024/06/26 (20:31:58) | ===> btop++ v.1.3.2
2024/06/26 (20:31:58) | WARNING: NVML: Failed to get maximum GPU power draw, defaulting to 225W: Not Supported
2024/06/26 (20:31:58) | WARNING: NVML: Failed to get GPU power usage: Not Supported

2024/06/26 (20:32:46) | ===> btop++ v.1.3.2
2024/06/26 (20:32:46) | WARNING: NVML: Failed to get maximum GPU power draw, defaulting to 225W: Not Supported
2024/06/26 (20:32:46) | WARNING: NVML: Failed to get GPU power usage: Not Supported

2024/06/26 (20:39:21) | ===> btop++ v.1.3.2
2024/06/26 (20:39:21) | WARNING: NVML: Failed to get maximum GPU power draw, defaulting to 225W: Not Supported
2024/06/26 (20:39:21) | WARNING: NVML: Failed to get GPU power usage: Not Supported

2024/06/26 (22:59:55) | ===> btop++ v.1.3.2
2024/06/26 (22:59:55) | WARNING: NVML: Failed to get maximum GPU power draw, defaulting to 225W: Not Supported
2024/06/26 (22:59:55) | WARNING: NVML: Failed to get GPU power usage: Not Supported

2024/06/27 (17:29:43) | ===> btop++ v.1.3.2
2024/06/27 (17:29:43) | WARNING: NVML: Failed to get maximum GPU power draw, defaulting to 225W: Not Supported
2024/06/27 (17:29:43) | WARNING: NVML: Failed to get GPU power usage: Not Supported

2024/06/27 (18:00:47) | ===> btop++ v.1.3.2
2024/06/27 (18:00:47) | WARNING: NVML: Failed to get maximum GPU power draw, defaulting to 225W: Not Supported
2024/06/27 (18:00:47) | WARNING: NVML: Failed to get GPU power usage: Not Supported

2024/06/27 (18:01:18) | ===> btop++ v.1.3.2
2024/06/27 (18:01:18) | WARNING: NVML: Failed to get maximum GPU power draw, defaulting to 225W: Not Supported
2024/06/27 (18:01:18) | WARNING: NVML: Failed to get GPU power usage: Not Supported

2024/06/27 (18:59:36) | ===> btop++ v.1.3.2
2024/06/27 (18:59:36) | WARNING: NVML: Failed to get maximum GPU power draw, defaulting to 225W: Not Supported
2024/06/27 (18:59:36) | WARNING: NVML: Failed to get GPU power usage: Not Supported

2024/06/27 (19:21:44) | ===> btop++ v.1.3.2
2024/06/27 (19:21:44) | WARNING: NVML: Failed to get maximum GPU power draw, defaulting to 225W: Not Supported
2024/06/27 (19:21:44) | WARNING: NVML: Failed to get GPU power usage: Not Supported

2024/06/27 (19:23:55) | ===> btop++ v.1.3.2
2024/06/27 (19:23:55) | WARNING: NVML: Failed to get maximum GPU power draw, defaulting to 225W: Not Supported
2024/06/27 (19:23:55) | WARNING: NVML: Failed to get GPU power usage: Not Supported

2024/06/27 (19:23:59) | ===> btop++ v.1.3.2
2024/06/27 (19:23:59) | WARNING: NVML: Failed to get maximum GPU power draw, defaulting to 225W: Not Supported
2024/06/27 (19:23:59) | WARNING: NVML: Failed to get GPU power usage: Not Supported

2024/06/27 (19:24:07) | ===> btop++ v.1.3.2
2024/06/27 (19:24:07) | WARNING: NVML: Failed to get maximum GPU power draw, defaulting to 225W: Not Supported
2024/06/27 (19:24:07) | WARNING: NVML: Failed to get GPU power usage: Not Supported

2024/06/27 (19:24:13) | ===> btop++ v.1.3.2
2024/06/27 (19:24:13) | WARNING: NVML: Failed to get maximum GPU power draw, defaulting to 225W: Not Supported
2024/06/27 (19:24:13) | WARNING: NVML: Failed to get GPU power usage: Not Supported

2024/06/27 (19:28:13) | ===> btop++ v.1.3.2
2024/06/27 (19:28:13) | WARNING: NVML: Failed to get maximum GPU power draw, defaulting to 225W: Not Supported
2024/06/27 (19:28:13) | WARNING: NVML: Failed to get GPU power usage: Not Supported

2024/06/27 (19:42:17) | ===> btop++ v.1.3.2
2024/06/27 (19:42:17) | WARNING: NVML: Failed to get maximum GPU power draw, defaulting to 225W: Not Supported
2024/06/27 (19:42:17) | WARNING: NVML: Failed to get GPU power usage: Not Supported

2024/06/27 (23:30:16) | ===> btop++ v.1.3.2
2024/06/27 (23:30:16) | WARNING: NVML: Failed to get maximum GPU power draw, defaulting to 225W: Not Supported
2024/06/27 (23:30:17) | WARNING: NVML: Failed to get GPU power usage: Not Supported

2024/06/27 (23:34:14) | ===> btop++ v.1.3.2
2024/06/27 (23:34:14) | WARNING: NVML: Failed to get maximum GPU power draw, defaulting to 225W: Not Supported
2024/06/27 (23:34:14) | WARNING: NVML: Failed to get GPU power usage: Not Supported

2024/06/28 (00:39:25) | ===> btop++ v.1.3.2
2024/06/28 (00:39:25) | WARNING: NVML: Failed to get maximum GPU power draw, defaulting to 225W: Not Supported
2024/06/28 (00:39:25) | WARNING: NVML: Failed to get GPU power usage: Not Supported

2024/06/28 (10:12:56) | ===> btop++ v.1.3.2
2024/06/28 (10:12:56) | WARNING: NVML: Failed to get maximum GPU power draw, defaulting to 225W: Not Supported
2024/06/28 (10:12:56) | WARNING: NVML: Failed to get GPU power usage: Not Supported

2024/06/28 (20:32:13) | ===> btop++ v.1.3.2
2024/06/28 (20:32:13) | WARNING: NVML: Failed to get maximum GPU power draw, defaulting to 225W: Not Supported
2024/06/28 (20:32:13) | WARNING: NVML: Failed to get GPU power usage: Not Supported

2024/06/28 (21:26:00) | ===> btop++ v.1.3.2
2024/06/28 (21:26:00) | WARNING: NVML: Failed to get maximum GPU power draw, defaulting to 225W: Not Supported
2024/06/28 (21:26:00) | WARNING: NVML: Failed to get GPU power usage: Not Supported

2024/06/28 (21:31:31) | ===> btop++ v.1.3.2
2024/06/28 (21:31:31) | WARNING: NVML: Failed to get maximum GPU power draw, defaulting to 225W: Not Supported
2024/06/28 (21:31:31) | WARNING: NVML: Failed to get GPU power usage: Not Supported

2024/06/28 (21:39:12) | ===> btop++ v.1.3.2
2024/06/28 (21:39:12) | WARNING: NVML: Failed to get maximum GPU power draw, defaulting to 225W: Not Supported
2024/06/28 (21:39:12) | WARNING: NVML: Failed to get GPU power usage: Not Supported

2024/06/29 (02:27:00) | ===> btop++ v.1.3.2
2024/06/29 (02:27:00) | WARNING: NVML: Failed to get maximum GPU power draw, defaulting to 225W: Not Supported
2024/06/29 (02:27:00) | WARNING: NVML: Failed to get GPU power usage: Not Supported

2024/06/29 (12:37:27) | ===> btop++ v.1.3.2
2024/06/29 (12:37:27) | WARNING: NVML: Failed to get maximum GPU power draw, defaulting to 225W: Not Supported
2024/06/29 (12:37:27) | WARNING: NVML: Failed to get GPU power usage: Not Supported

2024/06/30 (19:59:52) | ===> btop++ v.1.3.2
2024/06/30 (19:59:52) | WARNING: NVML: Failed to get maximum GPU power draw, defaulting to 225W: Not Supported
2024/06/30 (19:59:52) | WARNING: NVML: Failed to get GPU power usage: Not Supported

2024/06/30 (20:00:01) | ===> btop++ v.1.3.2
2024/06/30 (20:00:01) | WARNING: NVML: Failed to get maximum GPU power draw, defaulting to 225W: Not Supported
2024/06/30 (20:00:01) | WARNING: NVML: Failed to get GPU power usage: Not Supported

2024/07/01 (15:01:35) | ===> btop++ v.1.3.2
2024/07/01 (15:01:35) | WARNING: NVML: Failed to get maximum GPU power draw, defaulting to 225W: Not Supported
2024/07/01 (15:01:35) | WARNING: NVML: Failed to get GPU power usage: Not Supported

2024/07/01 (17:29:39) | ===> btop++ v.1.3.2
2024/07/01 (17:29:39) | WARNING: NVML: Failed to get maximum GPU power draw, defaulting to 225W: Not Supported
2024/07/01 (17:29:39) | WARNING: NVML: Failed to get GPU power usage: Not Supported

2024/07/01 (17:29:50) | ===> btop++ v.1.3.2
2024/07/01 (17:29:50) | WARNING: NVML: Failed to get maximum GPU power draw, defaulting to 225W: Not Supported
2024/07/01 (17:29:50) | WARNING: NVML: Failed to get GPU power usage: Not Supported

2024/07/01 (17:29:53) | ===> btop++ v.1.3.2
2024/07/01 (17:29:53) | WARNING: NVML: Failed to get maximum GPU power draw, defaulting to 225W: Not Supported
2024/07/01 (17:29:53) | WARNING: NVML: Failed to get GPU power usage: Not Supported

2024/07/01 (17:32:14) | ===> btop++ v.1.3.2
2024/07/01 (17:32:14) | WARNING: NVML: Failed to get maximum GPU power draw, defaulting to 225W: Not Supported
2024/07/01 (17:32:14) | WARNING: NVML: Failed to get GPU power usage: Not Supported

2024/07/01 (17:49:30) | ===> btop++ v.1.3.2
2024/07/01 (17:49:30) | WARNING: NVML: Failed to get maximum GPU power draw, defaulting to 225W: Not Supported
2024/07/01 (17:49:30) | WARNING: NVML: Failed to get GPU power usage: Not Supported

2024/07/01 (17:49:54) | ===> btop++ v.1.3.2
2024/07/01 (17:49:54) | WARNING: NVML: Failed to get maximum GPU power draw, defaulting to 225W: Not Supported
2024/07/01 (17:49:54) | WARNING: NVML: Failed to get GPU power usage: Not Supported

2024/07/02 (12:04:38) | ===> btop++ v.1.3.2
2024/07/02 (12:04:38) | WARNING: NVML: Failed to get maximum GPU power draw, defaulting to 225W: Not Supported
2024/07/02 (12:04:38) | WARNING: NVML: Failed to get GPU power usage: Not Supported

2024/07/02 (12:11:05) | ===> btop++ v.1.3.2
2024/07/02 (12:11:05) | WARNING: NVML: Failed to get maximum GPU power draw, defaulting to 225W: Not Supported
2024/07/02 (12:11:05) | WARNING: NVML: Failed to get GPU power usage: Not Supported

2024/07/02 (12:11:08) | ===> btop++ v.1.3.2
2024/07/02 (12:11:08) | WARNING: NVML: Failed to get maximum GPU power draw, defaulting to 225W: Not Supported
2024/07/02 (12:11:08) | WARNING: NVML: Failed to get GPU power usage: Not Supported

2024/07/02 (12:11:09) | ===> btop++ v.1.3.2
2024/07/02 (12:11:09) | WARNING: NVML: Failed to get maximum GPU power draw, defaulting to 225W: Not Supported
2024/07/02 (12:11:09) | WARNING: NVML: Failed to get GPU power usage: Not Supported

2024/07/02 (12:11:11) | ===> btop++ v.1.3.2
2024/07/02 (12:11:11) | WARNING: NVML: Failed to get maximum GPU power draw, defaulting to 225W: Not Supported
2024/07/02 (12:11:11) | WARNING: NVML: Failed to get GPU power usage: Not Supported

2024/07/09 (23:34:47) | ===> btop++ v.1.3.2
2024/07/09 (23:34:47) | WARNING: NVML: Failed to get maximum GPU power draw, defaulting to 225W: Not Supported
2024/07/09 (23:34:47) | WARNING: NVML: Failed to get GPU power usage: Not Supported

2024/07/10 (21:03:54) | ===> btop++ v.1.3.2
2024/07/10 (21:03:54) | WARNING: NVML: Failed to get maximum GPU power draw, defaulting to 225W: Not Supported
2024/07/10 (21:03:54) | WARNING: NVML: Failed to get GPU power usage: Not Supported

2024/07/10 (21:04:52) | ===> btop++ v.1.3.2
2024/07/10 (21:04:52) | WARNING: NVML: Failed to get maximum GPU power draw, defaulting to 225W: Not Supported
2024/07/10 (21:04:52) | WARNING: NVML: Failed to get GPU power usage: Not Supported

2024/07/10 (21:35:21) | ===> btop++ v.1.3.2
2024/07/10 (21:35:21) | WARNING: NVML: Failed to get maximum GPU power draw, defaulting to 225W: Not Supported
2024/07/10 (21:35:21) | WARNING: NVML: Failed to get GPU power usage: Not Supported

2024/07/10 (21:35:44) | ===> btop++ v.1.3.2
2024/07/10 (21:35:44) | WARNING: NVML: Failed to get maximum GPU power draw, defaulting to 225W: Not Supported
2024/07/10 (21:35:44) | WARNING: NVML: Failed to get GPU power usage: Not Supported

2024/07/10 (21:37:15) | ===> btop++ v.1.3.2
2024/07/10 (21:37:15) | WARNING: NVML: Failed to get maximum GPU power draw, defaulting to 225W: Not Supported
2024/07/10 (21:37:15) | WARNING: NVML: Failed to get GPU power usage: Not Supported

2024/07/10 (21:37:35) | ===> btop++ v.1.3.2
2024/07/10 (21:37:35) | WARNING: NVML: Failed to get maximum GPU power draw, defaulting to 225W: Not Supported
2024/07/10 (21:37:35) | WARNING: NVML: Failed to get GPU power usage: Not Supported

2024/07/10 (21:37:48) | ===> btop++ v.1.3.2
2024/07/10 (21:37:48) | WARNING: NVML: Failed to get maximum GPU power draw, defaulting to 225W: Not Supported
2024/07/10 (21:37:48) | WARNING: NVML: Failed to get GPU power usage: Not Supported

2024/07/12 (16:53:01) | ===> btop++ v.1.3.2
2024/07/12 (16:53:01) | WARNING: NVML: Failed to get maximum GPU power draw, defaulting to 225W: Not Supported
2024/07/12 (16:53:01) | WARNING: NVML: Failed to get GPU power usage: Not Supported

2024/07/12 (17:05:52) | ===> btop++ v.1.3.2
2024/07/12 (17:05:52) | WARNING: NVML: Failed to get maximum GPU power draw, defaulting to 225W: Not Supported
2024/07/12 (17:05:52) | WARNING: NVML: Failed to get GPU power usage: Not Supported

2024/07/13 (13:43:24) | ===> btop++ v.1.3.2
2024/07/13 (13:43:24) | WARNING: NVML: Failed to get maximum GPU power draw, defaulting to 225W: Not Supported
2024/07/13 (13:43:24) | WARNING: NVML: Failed to get GPU power usage: Not Supported

2024/07/14 (23:14:02) | ===> btop++ v.1.3.2
2024/07/14 (23:14:02) | WARNING: NVML: Failed to get maximum GPU power draw, defaulting to 225W: Not Supported
2024/07/14 (23:14:02) | WARNING: NVML: Failed to get GPU power usage: Not Supported

2024/07/25 (13:44:30) | ===> btop++ v.1.3.2
2024/07/25 (13:44:30) | WARNING: NVML: Failed to get maximum GPU power draw, defaulting to 225W: Not Supported
2024/07/25 (13:44:30) | WARNING: NVML: Failed to get GPU power usage: Not Supported

2024/07/25 (13:44:40) | ===> btop++ v.1.3.2
2024/07/25 (13:44:40) | WARNING: NVML: Failed to get maximum GPU power draw, defaulting to 225W: Not Supported
2024/07/25 (13:44:40) | WARNING: NVML: Failed to get GPU power usage: Not Supported

2024/07/25 (22:53:19) | ===> btop++ v.1.3.2
2024/07/25 (22:53:19) | WARNING: NVML: Failed to get maximum GPU power draw, defaulting to 225W: Not Supported
2024/07/25 (22:53:19) | WARNING: NVML: Failed to get GPU power usage: Not Supported

2024/07/25 (22:53:46) | ===> btop++ v.1.3.2
2024/07/25 (22:53:46) | WARNING: NVML: Failed to get maximum GPU power draw, defaulting to 225W: Not Supported
2024/07/25 (22:53:46) | WARNING: NVML: Failed to get GPU power usage: Not Supported

2024/07/26 (14:11:44) | ===> btop++ v.1.3.2
2024/07/26 (14:11:44) | WARNING: NVML: Failed to get maximum GPU power draw, defaulting to 225W: Not Supported
2024/07/26 (14:11:44) | WARNING: NVML: Failed to get GPU power usage: Not Supported

2024/07/26 (14:16:01) | ===> btop++ v.1.3.2
2024/07/26 (14:16:01) | WARNING: NVML: Failed to get maximum GPU power draw, defaulting to 225W: Not Supported
2024/07/26 (14:16:01) | WARNING: NVML: Failed to get GPU power usage: Not Supported

2024/07/26 (20:32:43) | ===> btop++ v.1.3.2
2024/07/26 (20:32:43) | WARNING: NVML: Failed to get maximum GPU power draw, defaulting to 225W: Not Supported
2024/07/26 (20:32:43) | WARNING: NVML: Failed to get GPU power usage: Not Supported

2024/07/27 (18:14:14) | ===> btop++ v.1.3.2
2024/07/27 (18:14:14) | WARNING: NVML: Failed to get maximum GPU power draw, defaulting to 225W: Not Supported
2024/07/27 (18:14:14) | WARNING: NVML: Failed to get GPU power usage: Not Supported

2024/07/27 (18:18:03) | ===> btop++ v.1.3.2
2024/07/27 (18:18:03) | WARNING: NVML: Failed to get maximum GPU power draw, defaulting to 225W: Not Supported
2024/07/27 (18:18:03) | WARNING: NVML: Failed to get GPU power usage: Not Supported

2024/07/27 (18:21:54) | ===> btop++ v.1.3.2
2024/07/27 (18:21:54) | WARNING: NVML: Failed to get maximum GPU power draw, defaulting to 225W: Not Supported
2024/07/27 (18:21:54) | WARNING: NVML: Failed to get GPU power usage: Not Supported

2024/07/27 (18:23:44) | ===> btop++ v.1.3.2
2024/07/27 (18:23:44) | WARNING: NVML: Failed to get maximum GPU power draw, defaulting to 225W: Not Supported
2024/07/27 (18:23:44) | WARNING: NVML: Failed to get GPU power usage: Not Supported

2024/07/28 (17:34:20) | ===> btop++ v.1.3.2
2024/07/28 (17:34:20) | WARNING: NVML: Failed to get maximum GPU power draw, defaulting to 225W: Not Supported
2024/07/28 (17:34:20) | WARNING: NVML: Failed to get GPU power usage: Not Supported

2024/08/02 (23:43:28) | ===> btop++ v.1.3.2
2024/08/02 (23:43:28) | WARNING: NVML: Failed to get maximum GPU power draw, defaulting to 225W: Not Supported
2024/08/02 (23:43:28) | WARNING: NVML: Failed to get GPU power usage: Not Supported

2024/08/03 (14:18:13) | ===> btop++ v.1.3.2
2024/08/03 (14:18:13) | WARNING: NVML: Failed to get maximum GPU power draw, defaulting to 225W: Not Supported
2024/08/03 (14:18:13) | WARNING: NVML: Failed to get GPU power usage: Not Supported

2024/08/03 (18:32:22) | ===> btop++ v.1.3.2
2024/08/03 (18:32:22) | WARNING: NVML: Failed to get maximum GPU power draw, defaulting to 225W: Not Supported
2024/08/03 (18:32:22) | WARNING: NVML: Failed to get GPU power usage: Not Supported

2024/08/04 (14:07:53) | ===> btop++ v.1.3.2
2024/08/04 (14:07:53) | WARNING: NVML: Failed to get maximum GPU power draw, defaulting to 225W: Not Supported
2024/08/04 (14:07:53) | WARNING: NVML: Failed to get GPU power usage: Not Supported

2024/08/04 (14:55:47) | ===> btop++ v.1.3.2
2024/08/04 (14:55:47) | WARNING: NVML: Failed to get maximum GPU power draw, defaulting to 225W: Not Supported
2024/08/04 (14:55:47) | WARNING: NVML: Failed to get GPU power usage: Not Supported

2024/08/04 (14:57:38) | ===> btop++ v.1.3.2
2024/08/04 (14:57:38) | WARNING: NVML: Failed to get maximum GPU power draw, defaulting to 225W: Not Supported
2024/08/04 (14:57:38) | WARNING: NVML: Failed to get GPU power usage: Not Supported

2024/08/04 (15:18:42) | ===> btop++ v.1.3.2
2024/08/04 (15:18:42) | WARNING: NVML: Failed to get maximum GPU power draw, defaulting to 225W: Not Supported
2024/08/04 (15:18:42) | WARNING: NVML: Failed to get GPU power usage: Not Supported

2024/08/04 (19:30:06) | ===> btop++ v.1.3.2
2024/08/04 (19:30:06) | WARNING: NVML: Failed to get maximum GPU power draw, defaulting to 225W: Not Supported
2024/08/04 (19:30:06) | WARNING: NVML: Failed to get GPU power usage: Not Supported

2024/08/07 (12:49:46) | ===> btop++ v.1.3.2
2024/08/07 (12:49:46) | WARNING: NVML: Failed to get maximum GPU power draw, defaulting to 225W: Not Supported
2024/08/07 (12:49:46) | WARNING: NVML: Failed to get GPU power usage: Not Supported

2024/08/07 (18:59:46) | ===> btop++ v.1.3.2
2024/08/07 (18:59:46) | WARNING: NVML: Failed to get maximum GPU power draw, defaulting to 225W: Not Supported
2024/08/07 (18:59:46) | WARNING: NVML: Failed to get GPU power usage: Not Supported

2024/08/09 (17:35:44) | ===> btop++ v.1.3.2
2024/08/09 (17:35:44) | WARNING: NVML: Failed to get maximum GPU power draw, defaulting to 225W: Not Supported
2024/08/09 (17:35:44) | WARNING: NVML: Failed to get GPU power usage: Not Supported

2024/08/09 (17:36:44) | ===> btop++ v.1.3.2
2024/08/09 (17:36:44) | WARNING: NVML: Failed to get maximum GPU power draw, defaulting to 225W: Not Supported
2024/08/09 (17:36:44) | WARNING: NVML: Failed to get GPU power usage: Not Supported

2024/08/09 (23:40:33) | ===> btop++ v.1.3.2
2024/08/09 (23:40:33) | WARNING: NVML: Failed to get maximum GPU power draw, defaulting to 225W: Not Supported
2024/08/09 (23:40:33) | WARNING: NVML: Failed to get GPU power usage: Not Supported

2024/08/09 (23:55:17) | ===> btop++ v.1.3.2
2024/08/09 (23:55:17) | WARNING: NVML: Failed to get maximum GPU power draw, defaulting to 225W: Not Supported
2024/08/09 (23:55:17) | WARNING: NVML: Failed to get GPU power usage: Not Supported

2024/08/10 (00:20:57) | ===> btop++ v.1.3.2
2024/08/10 (00:20:57) | WARNING: NVML: Failed to get maximum GPU power draw, defaulting to 225W: Not Supported
2024/08/10 (00:20:57) | WARNING: NVML: Failed to get GPU power usage: Not Supported

2024/08/10 (01:01:17) | ===> btop++ v.1.3.2
2024/08/10 (01:01:17) | WARNING: NVML: Failed to get maximum GPU power draw, defaulting to 225W: Not Supported
2024/08/10 (01:01:17) | WARNING: NVML: Failed to get GPU power usage: Not Supported

2024/08/10 (01:02:53) | ===> btop++ v.1.3.2
2024/08/10 (01:02:53) | WARNING: NVML: Failed to get maximum GPU power draw, defaulting to 225W: Not Supported
2024/08/10 (01:02:53) | WARNING: NVML: Failed to get GPU power usage: Not Supported

2024/08/10 (01:50:22) | ===> btop++ v.1.3.2
2024/08/10 (01:50:22) | WARNING: NVML: Failed to get maximum GPU power draw, defaulting to 225W: Not Supported
2024/08/10 (01:50:22) | WARNING: NVML: Failed to get GPU power usage: Not Supported

2024/08/14 (17:07:11) | ===> btop++ v.1.3.2
2024/08/14 (17:07:11) | WARNING: NVML: Failed to get maximum GPU power draw, defaulting to 225W: Not Supported
2024/08/14 (17:07:11) | WARNING: NVML: Failed to get GPU power usage: Not Supported

2024/08/14 (22:47:14) | ===> btop++ v.1.3.2
2024/08/14 (22:47:14) | WARNING: NVML: Failed to get maximum GPU power draw, defaulting to 225W: Not Supported
2024/08/14 (22:47:14) | WARNING: NVML: Failed to get GPU power usage: Not Supported

2024/08/14 (23:36:12) | ===> btop++ v.1.3.2
2024/08/14 (23:36:12) | WARNING: NVML: Failed to get maximum GPU power draw, defaulting to 225W: Not Supported
2024/08/14 (23:36:12) | WARNING: NVML: Failed to get GPU power usage: Not Supported

2024/08/15 (13:55:05) | ===> btop++ v.1.3.2
2024/08/15 (13:55:05) | WARNING: NVML: Failed to get maximum GPU power draw, defaulting to 225W: Not Supported
2024/08/15 (13:55:05) | WARNING: NVML: Failed to get GPU power usage: Not Supported

2024/08/15 (15:59:22) | ===> btop++ v.1.3.2
2024/08/15 (15:59:22) | WARNING: NVML: Failed to get maximum GPU power draw, defaulting to 225W: Not Supported
2024/08/15 (15:59:22) | WARNING: NVML: Failed to get GPU power usage: Not Supported

2024/08/15 (16:05:36) | ===> btop++ v.1.3.2
2024/08/15 (16:05:36) | WARNING: NVML: Failed to get maximum GPU power draw, defaulting to 225W: Not Supported
2024/08/15 (16:05:36) | WARNING: NVML: Failed to get GPU power usage: Not Supported

2024/08/15 (23:59:55) | ===> btop++ v.1.3.2
2024/08/15 (23:59:55) | WARNING: NVML: Failed to get maximum GPU power draw, defaulting to 225W: Not Supported
2024/08/15 (23:59:55) | WARNING: NVML: Failed to get GPU power usage: Not Supported

2024/08/16 (00:30:13) | ===> btop++ v.1.3.2
2024/08/16 (00:30:13) | WARNING: NVML: Failed to get maximum GPU power draw, defaulting to 225W: Not Supported
2024/08/16 (00:30:13) | WARNING: NVML: Failed to get GPU power usage: Not Supported

2024/08/16 (00:30:56) | ===> btop++ v.1.3.2
2024/08/16 (00:30:56) | WARNING: NVML: Failed to get maximum GPU power draw, defaulting to 225W: Not Supported
2024/08/16 (00:30:56) | WARNING: NVML: Failed to get GPU power usage: Not Supported

2024/08/16 (17:10:17) | ===> btop++ v.1.3.2
2024/08/16 (17:10:17) | WARNING: NVML: Failed to get maximum GPU power draw, defaulting to 225W: Not Supported
2024/08/16 (17:10:17) | WARNING: NVML: Failed to get GPU power usage: Not Supported

2024/08/17 (16:04:36) | ===> btop++ v.1.3.2
2024/08/17 (16:04:36) | WARNING: NVML: Failed to get maximum GPU power draw, defaulting to 225W: Not Supported
2024/08/17 (16:04:36) | WARNING: NVML: Failed to get GPU power usage: Not Supported

2024/08/17 (16:04:44) | ===> btop++ v.1.3.2
2024/08/17 (16:04:44) | WARNING: NVML: Failed to get maximum GPU power draw, defaulting to 225W: Not Supported
2024/08/17 (16:04:44) | WARNING: NVML: Failed to get GPU power usage: Not Supported

2024/08/17 (16:29:20) | ===> btop++ v.1.3.2
2024/08/17 (16:29:20) | WARNING: NVML: Failed to get maximum GPU power draw, defaulting to 225W: Not Supported
2024/08/17 (16:29:20) | WARNING: NVML: Failed to get GPU power usage: Not Supported

2024/08/17 (18:41:40) | ===> btop++ v.1.3.2
2024/08/17 (18:41:40) | WARNING: NVML: Failed to get maximum GPU power draw, defaulting to 225W: Not Supported
2024/08/17 (18:41:40) | WARNING: NVML: Failed to get GPU power usage: Not Supported

2024/08/18 (15:26:54) | ===> btop++ v.1.3.2
2024/08/18 (15:26:54) | WARNING: NVML: Failed to get maximum GPU power draw, defaulting to 225W: Not Supported
2024/08/18 (15:26:54) | WARNING: NVML: Failed to get GPU power usage: Not Supported

2024/08/20 (14:56:30) | ===> btop++ v.1.3.2
2024/08/20 (14:56:30) | WARNING: NVML: Failed to get maximum GPU power draw, defaulting to 225W: Not Supported
2024/08/20 (14:56:30) | WARNING: NVML: Failed to get GPU power usage: Not Supported

2024/08/20 (14:58:34) | ===> btop++ v.1.3.2
2024/08/20 (14:58:34) | WARNING: NVML: Failed to get maximum GPU power draw, defaulting to 225W: Not Supported
2024/08/20 (14:58:34) | WARNING: NVML: Failed to get GPU power usage: Not Supported

2024/08/20 (15:19:16) | ===> btop++ v.1.3.2
2024/08/20 (15:19:16) | WARNING: NVML: Failed to get maximum GPU power draw, defaulting to 225W: Not Supported
2024/08/20 (15:19:16) | WARNING: NVML: Failed to get GPU power usage: Not Supported
